Log file open, 09/21/18 15:28:11
LogWindows: Failed to load 'aqProf.dll' (GetLastError=126)
LogWindows: File 'aqProf.dll' does not exist
LogWindows: Failed to load 'VSPerf140.dll' (GetLastError=126)
LogWindows: File 'VSPerf140.dll' does not exist
LogWindows: Failed to load 'VtuneApi.dll' (GetLastError=126)
LogWindows: File 'VtuneApi.dll' does not exist
LogWindows: Failed to load 'VtuneApi32e.dll' (GetLastError=126)
LogWindows: File 'VtuneApi32e.dll' does not exist
LogInit: Display: Running engine for game: Mypaper2DGame
LogPlatformFile: Not using cached read wrapper
LogTaskGraph: Started task graph with 5 named threads and 23 total threads with 3 sets of task threads.
LogStats: Stats thread started at 0.327718
LogD3D11RHI: Loaded GFSDK_Aftermath_Lib.x64.dll
LogICUInternationalization: Display: ICU TimeZone Detection - Raw Offset: +2:00, Platform Override: ''
LogPluginManager: Mounting plugin Paper2D
LogPluginManager: Mounting plugin AISupport
LogPluginManager: Mounting plugin LightPropagationVolume
LogPluginManager: Mounting plugin CLionSourceCodeAccess
LogPluginManager: Mounting plugin CodeLiteSourceCodeAccess
LogPluginManager: Mounting plugin GitSourceControl
LogPluginManager: Mounting plugin KDevelopSourceCodeAccess
LogPluginManager: Mounting plugin NullSourceCodeAccess
LogPluginManager: Mounting plugin PerforceSourceControl
LogPluginManager: Mounting plugin SubversionSourceControl
LogPluginManager: Mounting plugin UObjectPlugin
LogPluginManager: Mounting plugin VisualStudioCodeSourceCodeAccess
LogPluginManager: Mounting plugin VisualStudioSourceCodeAccess
LogPluginManager: Mounting plugin XCodeSourceCodeAccess
LogPluginManager: Mounting plugin AssetManagerEditor
LogPluginManager: Mounting plugin CryptoKeys
LogPluginManager: Mounting plugin DataValidation
LogPluginManager: Mounting plugin FacialAnimation
LogPluginManager: Mounting plugin GameplayTagsEditor
LogPluginManager: Mounting plugin MacGraphicsSwitching
LogPluginManager: Mounting plugin MeshEditor
LogPluginManager: Mounting plugin MobileLauncherProfileWizard
LogPluginManager: Mounting plugin PluginBrowser
LogPluginManager: Mounting plugin SpeedTreeImporter
LogPluginManager: Mounting plugin DatasmithContent
LogPluginManager: Mounting plugin AlembicImporter
LogPluginManager: Mounting plugin AppleImageUtils
LogPluginManager: Mounting plugin AppleVision
LogPluginManager: Mounting plugin BackChannel
LogPluginManager: Mounting plugin CharacterAI
LogPluginManager: Mounting plugin GeometryCache
LogPluginManager: Mounting plugin HTML5Networking
LogPluginManager: Mounting plugin ProxyLODPlugin
LogPluginManager: Mounting plugin MagicLeap
LogPluginManager: Mounting plugin MagicLeapEmulator
LogPluginManager: Mounting plugin MagicLeapMedia
LogPluginManager: Mounting plugin AndroidMedia
LogPluginManager: Mounting plugin AvfMedia
LogPluginManager: Mounting plugin ImgMedia
LogPluginManager: Mounting plugin LinearTimecode
LogPluginManager: Mounting plugin MediaCompositing
LogPluginManager: Mounting plugin MediaPlayerEditor
LogPluginManager: Mounting plugin WmfMedia
LogPluginManager: Mounting plugin TcpMessaging
LogPluginManager: Mounting plugin UdpMessaging
LogPluginManager: Mounting plugin ActorSequence
LogPluginManager: Mounting plugin LevelSequenceEditor
LogPluginManager: Mounting plugin MatineeToLevelSequence
LogPluginManager: Mounting plugin NetcodeUnitTest
LogPluginManager: Mounting plugin NUTUnrealEngine4
LogPluginManager: Mounting plugin OnlineSubsystemGooglePlay
LogPluginManager: Mounting plugin OnlineSubsystemIOS
LogPluginManager: Mounting plugin OnlineSubsystem
LogPluginManager: Mounting plugin OnlineSubsystemNull
LogPluginManager: Mounting plugin OnlineSubsystemUtils
LogPluginManager: Mounting plugin LauncherChunkInstaller
LogPluginManager: Mounting plugin AndroidDeviceProfileSelector
LogPluginManager: Mounting plugin AndroidMoviePlayer
LogPluginManager: Mounting plugin AndroidPermission
LogPluginManager: Mounting plugin AppleMoviePlayer
LogPluginManager: Mounting plugin ArchVisCharacter
LogPluginManager: Mounting plugin AudioCapture
LogPluginManager: Mounting plugin CableComponent
LogPluginManager: Mounting plugin CustomMeshComponent
LogPluginManager: Mounting plugin EditableMesh
LogPluginManager: Mounting plugin ExampleDeviceProfileSelector
LogPluginManager: Mounting plugin GoogleCloudMessaging
LogPluginManager: Mounting plugin ImmediatePhysics
LogPluginManager: Mounting plugin IOSDeviceProfileSelector
LogPluginManager: Mounting plugin LinuxDeviceProfileSelector
LogPluginManager: Mounting plugin LocationServicesBPLibrary
LogPluginManager: Mounting plugin MobilePatchingUtils
LogPluginManager: Mounting plugin OculusVR
LogPluginManager: Plugin shader directory ../../../Engine/Plugins/Runtime/Oculus/OculusVR/Shaders found
LogPluginManager: Mapping shader source directory ../../../Engine/Plugins/Runtime/Oculus/OculusVR/Shaders to virtual directory /Plugin/OculusVR
LogPluginManager: Mounting plugin PhysXVehicles
LogPluginManager: Mounting plugin ProceduralMeshComponent
LogPluginManager: Mounting plugin RuntimePhysXCooking
LogPluginManager: Mounting plugin SteamVR
LogPluginManager: Mounting plugin WindowsMoviePlayer
LogStreaming: Display: Took  0.108s to configure plugins.
LogInit: Using libcurl 7.55.1-DEV
LogInit:  - built for x86_64-pc-win32
LogInit:  - supports SSL with OpenSSL/1.0.2h
LogInit:  - supports HTTP deflate (compression) using libz 1.2.8
LogInit:  - other features:
LogInit:      CURL_VERSION_SSL
LogInit:      CURL_VERSION_LIBZ
LogInit:      CURL_VERSION_IPV6
LogInit:      CURL_VERSION_ASYNCHDNS
LogInit:      CURL_VERSION_LARGEFILE
LogInit:      CURL_VERSION_IDN
LogInit:  CurlRequestOptions (configurable via config and command line):
LogInit:  - bVerifyPeer = false  - Libcurl will NOT verify peer certificate
LogInit:  - bUseHttpProxy = false  - Libcurl will NOT use HTTP proxy
LogInit:  - bDontReuseConnections = false  - Libcurl will reuse connections
LogInit:  - CertBundlePath = nullptr  - Libcurl will use whatever was configured at build time.
LogInit:  - MaxHostConnections = 16  - Libcurl will limit the number of connections to a host
LogInit:  - LocalHostAddr = Default
LogInit:  - BufferSize = 65536
LogInit: WinSock: version 1.1 (2.2), MaxSocks=32767, MaxUdp=65467
LogInit: Build: ++UE4+Release-4.20-CL-4302132
LogInit: Engine Version: 4.20.2-4302132+++UE4+Release-4.20
LogInit: Compatible Engine Version: 4.20.0-4212847+++UE4+Release-4.20
LogInit: Net CL: 4212847
LogInit: OS: Windows 10 (), CPU: Intel(R) Core(TM) i7-6700 CPU @ 3.40GHz, GPU: NVIDIA GeForce GT 730
LogInit: Compiled (64-bit): Aug 21 2018 02:06:06
LogInit: Compiled with Visual C++: 19.13.26129.00
LogInit: Build Configuration: Development
LogInit: Branch Name: ++UE4+Release-4.20
LogInit: Command Line:  
LogInit: Base Directory: C:/Program Files/Epic Games/UE_4.20/Engine/Binaries/Win64/
LogInit: Installed Engine Build: 1
LogDevObjectVersion: Number of dev versions registered: 20
LogDevObjectVersion:   Dev-Blueprints (B0D832E4-1F89-4F0D-ACCF-7EB736FD4AA2): 10
LogDevObjectVersion:   Dev-Build (E1C64328-A22C-4D53-A36C-8E866417BD8C): 0
LogDevObjectVersion:   Dev-Core (375EC13C-06E4-48FB-B500-84F0262A717E): 2
LogDevObjectVersion:   Dev-Editor (E4B068ED-F494-42E9-A231-DA0B2E46BB41): 24
LogDevObjectVersion:   Dev-Framework (CFFC743F-43B0-4480-9391-14DF171D2073): 34
LogDevObjectVersion:   Dev-Mobile (B02B49B5-BB20-44E9-A304-32B752E40360): 2
LogDevObjectVersion:   Dev-Networking (A4E4105C-59A1-49B5-A7C5-40C4547EDFEE): 0
LogDevObjectVersion:   Dev-Online (39C831C9-5AE6-47DC-9A44-9C173E1C8E7C): 0
LogDevObjectVersion:   Dev-Physics (78F01B33-EBEA-4F98-B9B4-84EACCB95AA2): 0
LogDevObjectVersion:   Dev-Platform (6631380F-2D4D-43E0-8009-CF276956A95A): 0
LogDevObjectVersion:   Dev-Rendering (12F88B9F-8875-4AFC-A67C-D90C383ABD29): 26
LogDevObjectVersion:   Dev-Sequencer (7B5AE74C-D270-4C10-A958-57980B212A5A): 9
LogDevObjectVersion:   Dev-VR (D7296918-1DD6-4BDD-9DE2-64A83CC13884): 2
LogDevObjectVersion:   Dev-LoadTimes (C2A15278-BFE7-4AFE-6C17-90FF531DF755): 1
LogDevObjectVersion:   Private-Geometry (6EACA3D4-40EC-4CC1-B786-8BED09428FC5): 3
LogDevObjectVersion:   Dev-AnimPhys (29E575DD-E0A3-4627-9D10-D276232CDCEA): 17
LogDevObjectVersion:   Dev-ReflectionCapture (6B266CEC-1EC7-4B8F-A30B-E4D90942FC07): 1
LogDevObjectVersion:   Dev-Automation (0DF73D61-A23F-47EA-B727-89E90C41499A): 1
LogDevObjectVersion:   FortniteMain (601D1886-AC64-4F84-AA16-D3DE0DEAC7D6): 12
LogDevObjectVersion:   Dev-Enterprise (9DFFBCD6-494F-0158-E221-12823C92A888): 1
LogStreaming: Display: Took  0.001s to delete old logs.
LogInit: Presizing for max 8388607 objects, including 0 objects not considered by GC, pre-allocating 0 bytes for permanent pool.
LogInit: Object subsystem initialized
[2018.09.21-12.28.11:668][  0]LogInit: Selected Device Profile: [Windows]
[2018.09.21-12.28.11:668][  0]LogInit: Applying CVar settings loaded from the selected device profile: [Windows]
[2018.09.21-12.28.11:680][  0]LogHAL: Display: Platform has ~ 16 GB [17054351360 / 17179869184 / 16], which maps to Larger [LargestMinGB=32, LargerMinGB=12, DefaultMinGB=8, SmallerMinGB=6, SmallestMinGB=0)
[2018.09.21-12.28.11:680][  0]LogInit: Setting Device Profile CVar: [[r.Vulkan.UseRealUBs:1]]
[2018.09.21-12.28.11:681][  0]LogInit: Going up to parent DeviceProfile []
[2018.09.21-12.28.11:681][  0]LogInit: Computer: AOTA1-1L141-16D
[2018.09.21-12.28.11:681][  0]LogInit: User: RenTak
[2018.09.21-12.28.11:681][  0]LogInit: CPU Page size=4096, Cores=4
[2018.09.21-12.28.11:681][  0]LogInit: High frequency timer resolution =3.328120 MHz
[2018.09.21-12.28.11:681][  0]LogMemory: Memory total: Physical=15.9GB (16GB approx)
[2018.09.21-12.28.11:681][  0]LogMemory: Platform Memory Stats for Windows
[2018.09.21-12.28.11:681][  0]LogMemory: Process Physical Memory: 101.18 MB used, 101.18 MB peak
[2018.09.21-12.28.11:681][  0]LogMemory: Process Virtual Memory: 89.62 MB used, 89.62 MB peak
[2018.09.21-12.28.11:681][  0]LogMemory: Physical Memory: 6248.16 MB used,  10016.13 MB free, 16264.30 MB total
[2018.09.21-12.28.11:681][  0]LogMemory: Virtual Memory: 496.15 MB used,  10016.13 MB free, 134217728.00 MB total
[2018.09.21-12.28.11:789][  0]LogInit: Overriding language with editor language configuration option (ja).
[2018.09.21-12.28.11:789][  0]LogInit: Overriding locale with editor locale configuration option (ja).
[2018.09.21-12.28.12:113][  0]LogStreaming: Display: Took  0.324s to InitEngineTextLocalization.
[2018.09.21-12.28.12:114][  0]LogInit: Setting process to per monitor DPI aware
[2018.09.21-12.28.12:195][  0]LogSlate: New Slate User Created.  User Index 0, Is Virtual User: 0
[2018.09.21-12.28.12:195][  0]LogSlate: Slate User Registered.  User Index 0, Is Virtual User: 0
[2018.09.21-12.28.12:521][  0]LogHMD: Failed to initialize OpenVR with code 110
[2018.09.21-12.28.12:521][  0]LogD3D11RHI: D3D11 adapters:
[2018.09.21-12.28.12:566][  0]LogD3D11RHI:    0. 'NVIDIA GeForce GT 730' (Feature Level 11_0)
[2018.09.21-12.28.12:566][  0]LogD3D11RHI:       2018/0/8132 MB DedicatedVideo/DedicatedSystem/SharedSystem, Outputs:2, VendorId:0x10de
[2018.09.21-12.28.12:582][  0]LogD3D11RHI:    1. 'Intel(R) HD Graphics 530' (Feature Level 11_0)
[2018.09.21-12.28.12:582][  0]LogD3D11RHI:       128/0/8132 MB DedicatedVideo/DedicatedSystem/SharedSystem, Outputs:0, VendorId:0x8086
[2018.09.21-12.28.12:584][  0]LogD3D11RHI:    2. 'Microsoft Basic Render Driver' (Feature Level 11_0)
[2018.09.21-12.28.12:584][  0]LogD3D11RHI:       0/0/8132 MB DedicatedVideo/DedicatedSystem/SharedSystem, Outputs:0, VendorId:0x1414
[2018.09.21-12.28.12:584][  0]LogD3D11RHI: Chosen D3D11 Adapter: 0
[2018.09.21-12.28.12:590][  0]LogD3D11RHI: Creating new Direct3DDevice
[2018.09.21-12.28.12:590][  0]LogD3D11RHI:     GPU DeviceId: 0x1287 (for the marketing name, search the web for "GPU Device Id")
[2018.09.21-12.28.12:590][  0]LogWindows: EnumDisplayDevices:
[2018.09.21-12.28.12:590][  0]LogWindows:    0. 'NVIDIA GeForce GT 730' (P:1 D:1)
[2018.09.21-12.28.12:590][  0]LogWindows:    1. 'NVIDIA GeForce GT 730' (P:0 D:1)
[2018.09.21-12.28.12:591][  0]LogWindows:    2. 'NVIDIA GeForce GT 730' (P:0 D:0)
[2018.09.21-12.28.12:591][  0]LogWindows:    3. 'NVIDIA GeForce GT 730' (P:0 D:0)
[2018.09.21-12.28.12:591][  0]LogWindows:    4. 'Intel(R) HD Graphics 530' (P:0 D:0)
[2018.09.21-12.28.12:591][  0]LogWindows:    5. 'Intel(R) HD Graphics 530' (P:0 D:0)
[2018.09.21-12.28.12:591][  0]LogWindows:    6. 'Intel(R) HD Graphics 530' (P:0 D:0)
[2018.09.21-12.28.12:591][  0]LogWindows: DebugString: PrimaryIsNotTheChoosenAdapter PrimaryIsNotTheChoosenAdapter PrimaryIsNotTheChoosenAdapter FoundDriverCount:4 
[2018.09.21-12.28.12:591][  0]LogD3D11RHI:     Adapter Name: NVIDIA GeForce GT 730
[2018.09.21-12.28.12:591][  0]LogD3D11RHI:   Driver Version: 382.98 (internal:22.21.13.8298, unified:382.98)
[2018.09.21-12.28.12:591][  0]LogD3D11RHI:      Driver Date: 8-17-2017
[2018.09.21-12.28.12:591][  0]LogRHI: Texture pool is 1413 MB (70% of 2018 MB)
[2018.09.21-12.28.12:622][  0]LogD3D11RHI: Async texture creation enabled
[2018.09.21-12.28.12:634][  0]LogD3D11RHI: GPU Timing Frequency: 1000.000000 (Debug: 2 1)
[2018.09.21-12.28.12:678][  0]LogShaderCompilers: Guid format shader working directory is -23 characters bigger than the processId version (../../../../../../Users/RenTak/Documents/Unreal Projects/Mypaper2DGame/Intermediate/Shaders/WorkingDirectory/7128/).
[2018.09.21-12.28.12:678][  0]LogShaderCompilers: Cleaned the shader compiler working directory 'C:/Users/RenTak/AppData/Local/Temp/UnrealShaderWorkingDir/5C3845A14662FDC2ED3A508801B3DADD/'.
[2018.09.21-12.28.13:050][  0]LogTemp: Display: Loaded TP AllDesktopTargetPlatform
[2018.09.21-12.28.13:070][  0]LogTemp: Display: Loaded TP MacClientTargetPlatform
[2018.09.21-12.28.13:089][  0]LogTemp: Display: Loaded TP MacNoEditorTargetPlatform
[2018.09.21-12.28.13:109][  0]LogTemp: Display: Loaded TP MacServerTargetPlatform
[2018.09.21-12.28.13:124][  0]LogTemp: Display: Loaded TP MacTargetPlatform
[2018.09.21-12.28.13:136][  0]LogTemp: Display: Loaded TP WindowsClientTargetPlatform
[2018.09.21-12.28.13:148][  0]LogTemp: Display: Loaded TP WindowsNoEditorTargetPlatform
[2018.09.21-12.28.13:168][  0]LogTemp: Display: Loaded TP WindowsServerTargetPlatform
[2018.09.21-12.28.13:174][  0]LogTemp: Display: Loaded TP WindowsTargetPlatform
[2018.09.21-12.28.13:246][  0]LogTemp: Display: Loaded TP AndroidTargetPlatform
[2018.09.21-12.28.13:246][  0]LogTemp: Display: Loaded TP AndroidTargetPlatform
[2018.09.21-12.28.13:246][  0]LogTemp: Display: Loaded TP AndroidTargetPlatform
[2018.09.21-12.28.13:246][  0]LogTemp: Display: Loaded TP AndroidTargetPlatform
[2018.09.21-12.28.13:246][  0]LogTemp: Display: Loaded TP AndroidTargetPlatform
[2018.09.21-12.28.13:246][  0]LogTemp: Display: Loaded TP AndroidTargetPlatform
[2018.09.21-12.28.13:246][  0]LogTemp: Display: Loaded TP AndroidTargetPlatform
[2018.09.21-12.28.13:246][  0]LogTemp: Display: Loaded TP AndroidTargetPlatform
[2018.09.21-12.28.13:246][  0]LogTemp: Display: Loaded TP AndroidTargetPlatform
[2018.09.21-12.28.13:246][  0]LogTemp: Display: Loaded TP AndroidTargetPlatform
[2018.09.21-12.28.13:246][  0]LogTemp: Display: Loaded TP AndroidTargetPlatform
[2018.09.21-12.28.13:246][  0]LogTemp: Display: Loaded TP AndroidTargetPlatform
[2018.09.21-12.28.13:246][  0]LogTemp: Display: Loaded TP AndroidTargetPlatform
[2018.09.21-12.28.13:246][  0]LogTemp: Display: Loaded TP AndroidTargetPlatform
[2018.09.21-12.28.13:246][  0]LogTemp: Display: Loaded TP AndroidTargetPlatform
[2018.09.21-12.28.13:246][  0]LogTemp: Display: Loaded TP AndroidTargetPlatform
[2018.09.21-12.28.13:246][  0]LogTemp: Display: Loaded TP AndroidTargetPlatform
[2018.09.21-12.28.13:246][  0]LogTemp: Display: Loaded TP AndroidTargetPlatform
[2018.09.21-12.28.13:248][  0]LogTemp: Display: Loaded TP HTML5TargetPlatform
[2018.09.21-12.28.13:338][  0]LogTemp: Display: Loaded TP IOSTargetPlatform
[2018.09.21-12.28.13:338][  0]LogTemp: Display: Loaded TP IOSTargetPlatform
[2018.09.21-12.28.13:374][  0]LogTemp: Display: Loaded TP TVOSTargetPlatform
[2018.09.21-12.28.13:374][  0]LogTemp: Display: Loaded TP TVOSTargetPlatform
[2018.09.21-12.28.13:393][  0]LogTemp: Display: Loaded TP LinuxClientTargetPlatform
[2018.09.21-12.28.13:414][  0]LogTemp: Display: Loaded TP LinuxNoEditorTargetPlatform
[2018.09.21-12.28.13:437][  0]LogTemp: Display: Loaded TP LinuxServerTargetPlatform
[2018.09.21-12.28.13:451][  0]LogTemp: Display: Loaded TP LinuxTargetPlatform
[2018.09.21-12.28.13:467][  0]LogTemp: Display: Loaded TP LuminTargetPlatform
[2018.09.21-12.28.13:467][  0]LogTargetPlatformManager: Display: Building Assets For Windows
[2018.09.21-12.28.13:698][  0]LogXGEController: Cleaning working directory: C:/Users/RenTak/AppData/Local/Temp/UnrealXGEWorkingDir/
[2018.09.21-12.28.13:698][  0]LogXGEController: Cannot use XGE Controller as Incredibuild is not installed on this machine.
[2018.09.21-12.28.13:698][  0]LogShaderCompilers: Cannot use XGE Shader Compiler as Incredibuild is not installed on this machine.
[2018.09.21-12.28.13:698][  0]LogShaderCompilers: Display: Using Local Shader Compiler.
[2018.09.21-12.28.14:422][  0]LogDerivedDataCache: Display: Max Cache Size: 512 MB
[2018.09.21-12.28.14:697][  0]LogDerivedDataCache: Loaded boot cache 0.28s 71MB C:/Users/RenTak/AppData/Local/UnrealEngine/4.20/DerivedDataCache/Boot.ddc.
[2018.09.21-12.28.14:697][  0]LogDerivedDataCache: Display: Loaded Boot cache: C:/Users/RenTak/AppData/Local/UnrealEngine/4.20/DerivedDataCache/Boot.ddc
[2018.09.21-12.28.14:697][  0]LogDerivedDataCache: FDerivedDataBackendGraph:  Pak pak cache file ../../../../../../Users/RenTak/Documents/Unreal Projects/Mypaper2DGame/DerivedDataCache/DDC.ddp not found, will not use a pak cache.
[2018.09.21-12.28.14:697][  0]LogDerivedDataCache: Unable to find inner node Pak for hierarchical cache Hierarchy.
[2018.09.21-12.28.14:697][  0]LogDerivedDataCache: FDerivedDataBackendGraph:  CompressedPak pak cache file ../../../../../../Users/RenTak/Documents/Unreal Projects/Mypaper2DGame/DerivedDataCache/Compressed.ddp not found, will not use a pak cache.
[2018.09.21-12.28.14:697][  0]LogDerivedDataCache: Unable to find inner node CompressedPak for hierarchical cache Hierarchy.
[2018.09.21-12.28.14:711][  0]LogDerivedDataCache: Display: Pak cache opened for reading ../../../Engine/DerivedDataCache/Compressed.ddp.
[2018.09.21-12.28.14:723][  0]LogDerivedDataCache: Using Local data cache path C:/Users/RenTak/AppData/Local/UnrealEngine/Common/DerivedDataCache: Writable
[2018.09.21-12.28.14:723][  0]LogDerivedDataCache: Shared data cache path not found in *engine.ini, will not use an Shared cache.
[2018.09.21-12.28.14:723][  0]LogDerivedDataCache: Unable to find inner node Shared for hierarchical cache Hierarchy.
[2018.09.21-12.28.14:740][  0]LogMaterial: Verifying Global Shaders for PCD3D_SM5
[2018.09.21-12.28.14:741][  0]LogSlate: Using FreeType 2.6.0
[2018.09.21-12.28.14:746][  0]LogSlate: SlateFontServices - WITH_FREETYPE: 1, WITH_HARFBUZZ: 1
[2018.09.21-12.28.14:866][  0]LogAssetRegistry: FAssetRegistry took 0.0256 seconds to start up
[2018.09.21-12.28.15:155][  0]LogInit: Selected Device Profile: [Windows]
[2018.09.21-12.28.15:337][  0]LogSimplygon: Simplygon DLL not present - disabling.
[2018.09.21-12.28.15:365][  0]LogMeshReduction: Using SimplygonSwarm for distributed automatic mesh merging
[2018.09.21-12.28.15:365][  0]LogMeshReduction: Using ProxyLODMeshReduction for automatic mesh merging
[2018.09.21-12.28.15:365][  0]LogMeshReduction: Using QuadricMeshReduction for automatic static mesh reduction
[2018.09.21-12.28.15:365][  0]LogMeshReduction: No automatic skeletal mesh reduction module available
[2018.09.21-12.28.15:384][  0]LogNetVersion: Mypaper2DGame 1.0.0, NetCL: 4212847, EngineNetVer: 5, GameNetVer: 0 (Checksum: 2135412584)
[2018.09.21-12.28.15:819][  0]LogPackageLocalizationCache: Processed 11 localized package path(s) for 1 prioritized culture(s) in 0.054397 seconds
[2018.09.21-12.28.15:825][  0]LogUObjectArray: 38425 objects as part of root set at end of initial load.
[2018.09.21-12.28.15:825][  0]LogUObjectAllocator: 6690864 out of 0 bytes used by permanent object pool.
[2018.09.21-12.28.15:825][  0]LogUObjectArray: CloseDisregardForGC: 0/0 objects in disregard for GC pool
[2018.09.21-12.28.17:540][  0]LogTcpMessaging: Initializing TcpMessaging bridge
[2018.09.21-12.28.17:554][  0]LogUdpMessaging: Initializing bridge on interface 0.0.0.0:0 to multicast group 230.0.0.1:6666.
[2018.09.21-12.28.17:843][  0]SourceControl: ソースコントロールは無効です
[2018.09.21-12.28.17:843][  0]SourceControl: ソースコントロールは無効です
[2018.09.21-12.28.17:845][  0]SourceControl: ソースコントロールは無効です
[2018.09.21-12.28.17:855][  0]SourceControl: ソースコントロールは無効です
[2018.09.21-12.28.18:348][  0]LogAndroidPermission: UAndroidPermissionCallbackProxy::GetInstance
[2018.09.21-12.28.18:451][  0]LogOcInput: OculusInput pre-init called
[2018.09.21-12.28.18:561][  0]LogEngine: Initializing Engine...
[2018.09.21-12.28.18:561][  0]LogHMD: Failed to initialize OpenVR with code 110
[2018.09.21-12.28.18:562][  0]LogStats: UGameplayTagsManager::ConstructGameplayTagTree: ImportINI prefixes -  0.000 s
[2018.09.21-12.28.18:562][  0]LogStats: UGameplayTagsManager::ConstructGameplayTagTree: Construct from data asset -  0.000 s
[2018.09.21-12.28.18:562][  0]LogStats: UGameplayTagsManager::ConstructGameplayTagTree: ImportINI -  0.000 s
[2018.09.21-12.28.18:562][  0]LogStats: UGameplayTagsManager::ConstructGameplayTagTree: GameplayTagTreeChangedEvent.Broadcast -  0.000 s
[2018.09.21-12.28.18:767][  0]LogInit: Initializing FReadOnlyCVARCache
[2018.09.21-12.28.18:792][  0]LogAIModule: Creating AISystem for world Untitled
[2018.09.21-12.28.18:802][  0]LogInit: XAudio2 using 'Speakers (Realtek High Definition Audio)' : 2 channels at 48 kHz using 32 bits per sample (channel mask 0x3)
[2018.09.21-12.28.18:844][  0]LogInit: FAudioDevice initialized.
[2018.09.21-12.28.18:844][  0]LogNetVersion: Set ProjectVersion to 1.0.0.0. Version Checksum will be recalculated on next use.
[2018.09.21-12.28.18:927][  0]LogDerivedDataCache: Saved boot cache 0.08s 71MB C:/Users/RenTak/AppData/Local/UnrealEngine/4.20/DerivedDataCache/Boot.ddc.
[2018.09.21-12.28.18:927][  0]LogInit: Texture streaming: Enabled
[2018.09.21-12.28.18:975][  0]LogEngineSessionManager: EngineSessionManager initialized
[2018.09.21-12.28.18:993][  0]LogInit: Transaction tracking system initialized
[2018.09.21-12.28.19:060][  0]BlueprintLog: New page: エディタの読み込み
[2018.09.21-12.28.19:388][  0]LocalizationService: ローカライズのサービスが無効になりました
[2018.09.21-12.28.19:788][  0]LogCook: Display: Max memory allowance for cook 16384mb min free memory 0mb
[2018.09.21-12.28.19:788][  0]LogCook: Display: Mobile HDR setting 1
[2018.09.21-12.28.19:788][  0]LogGameplayTags: Display: UGameplayTagsManager::DoneAddingNativeTags. DelegateIsBound: 0
[2018.09.21-12.28.19:788][  0]LogStats: UGameplayTagsManager::ConstructGameplayTagTree: ImportINI prefixes -  0.000 s
[2018.09.21-12.28.19:788][  0]LogStats: UGameplayTagsManager::ConstructGameplayTagTree: Construct from data asset -  0.000 s
[2018.09.21-12.28.19:788][  0]LogStats: UGameplayTagsManager::ConstructGameplayTagTree: ImportINI -  0.000 s
[2018.09.21-12.28.19:789][  0]LogStats: UGameplayTagsManager::ConstructGameplayTagTree: GameplayTagTreeChangedEvent.Broadcast -  0.000 s
[2018.09.21-12.28.20:096][  0]LogFileCache: Scanning file cache for directory 'C:/Users/RenTak/Documents/Unreal Projects/Mypaper2DGame/Content/' took 0.01s
[2018.09.21-12.28.20:096][  0]SourceControl: ソースコントロールは無効です
[2018.09.21-12.28.20:096][  0]Cmd: MAP LOAD FILE="../../../../../../Users/RenTak/Documents/Unreal Projects/Mypaper2DGame/Content/My2DMap.umap" TEMPLATE=0 SHOWPROGRESS=1 FEATURELEVEL=3
[2018.09.21-12.28.20:096][  0]LightingResults: New page: ライティングのビルド
[2018.09.21-12.28.20:098][  0]MapCheck: New page: マップをチェック
[2018.09.21-12.28.20:098][  0]LightingResults: New page: <何も選択されていません>
[2018.09.21-12.28.20:290][  0]LogAIModule: Creating AISystem for world My2DMap
[2018.09.21-12.28.20:293][  0]LogEditorServer: Finished looking for orphan Actors (0.000 secs)
[2018.09.21-12.28.20:312][  0]Cmd: MAP CHECKDEP NOCLEARLOG
[2018.09.21-12.28.20:367][  0]MapCheck: マップチェックが完了: 0 エラー、 0 警告、完了に 54.561ミリ秒かかりました。
[2018.09.21-12.28.20:367][  0]LogFileHelpers: Loading map 'My2DMap' took 0.271
[2018.09.21-12.28.20:475][  0]LogSlate: Updating window title bar state: overlay mode, drag disabled, window buttons hidden, title bar hidden
[2018.09.21-12.28.20:482][  0]LogSlate: Updating window title bar state: overlay mode, drag disabled, window buttons hidden, title bar hidden
[2018.09.21-12.28.20:488][  0]LogSlate: Updating window title bar state: overlay mode, drag disabled, window buttons hidden, title bar hidden
[2018.09.21-12.28.20:496][  0]LogSlate: Updating window title bar state: overlay mode, drag disabled, window buttons hidden, title bar hidden
[2018.09.21-12.28.20:503][  0]LogCollectionManager: Loaded 0 collections in 0.001125 seconds
[2018.09.21-12.28.20:545][  0]LogFileCache: Scanning file cache for directory 'C:/Users/RenTak/Documents/Unreal Projects/Mypaper2DGame/Saved/Collections/' took 0.01s
[2018.09.21-12.28.20:545][  0]LogFileCache: Scanning file cache for directory 'C:/Users/RenTak/Documents/Unreal Projects/Mypaper2DGame/Content/Developers/RenTak/Collections/' took 0.01s
[2018.09.21-12.28.20:545][  0]LogFileCache: Scanning file cache for directory 'C:/Users/RenTak/Documents/Unreal Projects/Mypaper2DGame/Content/Collections/' took 0.01s
[2018.09.21-12.28.20:545][  0]LogCollectionManager: Rebuilt the GUID cache for 0 collections in 0.000001 seconds
[2018.09.21-12.28.20:553][  0]LogContentBrowser: Native class hierarchy populated in 0.0080 seconds. Added 2572 classes and 603 folders.
[2018.09.21-12.28.20:559][  0]LogContentBrowser: Native class hierarchy updated for 'WidgetCarousel' in 0.0002 seconds. Added 0 classes and 0 folders.
[2018.09.21-12.28.20:678][  0]LogContentBrowser: Native class hierarchy updated for 'AddContentDialog' in 0.0002 seconds. Added 0 classes and 0 folders.
[2018.09.21-12.28.20:697][  0]LogContentBrowser: Native class hierarchy updated for 'SceneOutliner' in 0.0002 seconds. Added 1 classes and 2 folders.
[2018.09.21-12.28.20:788][  0]LogContentBrowser: Native class hierarchy updated for 'HierarchicalLODOutliner' in 0.0002 seconds. Added 0 classes and 0 folders.
[2018.09.21-12.28.20:788][  0]LogLoad: (Engine Initialization) Total time: 11.79 seconds
[2018.09.21-12.28.20:788][  0]LogLoad: (Engine Initialization) Total Blueprint compile time: 0.00 seconds
[2018.09.21-12.28.20:828][  0]LogAssetRegistry: Asset discovery search completed in 5.9840 seconds
[2018.09.21-12.28.20:830][  0]LogCollectionManager: Rebuilt the object cache for 0 collections in 0.000013 seconds (found 0 objects)
[2018.09.21-12.28.20:830][  0]LogCollectionManager: Fixed up redirectors for 0 collections in 0.000054 seconds (updated 0 objects)
[2018.09.21-12.28.20:831][  0]LogContentStreaming: Texture pool size now 1000 MB
[2018.09.21-12.28.20:840][  0]LogSlate: Took 0.002400 seconds to synchronously load lazily loaded font '../../../Engine/Content/Slate/Fonts/Roboto-Regular.ttf' (155K)
[2018.09.21-12.28.20:847][  0]LogSlate: Took 0.005789 seconds to synchronously load lazily loaded font '../../../Engine/Content/Editor/Slate/Fonts/GenEiGothicPro-Regular.otf' (707K)
[2018.09.21-12.28.20:852][  0]LogSlate: Took 0.004402 seconds to synchronously load lazily loaded font '../../../Engine/Content/Editor/Slate/Fonts/GenEiGothicPro-Bold.otf' (698K)
[2018.09.21-12.28.20:853][  0]LogSlate: Took 0.001232 seconds to synchronously load lazily loaded font '../../../Engine/Content/Slate/Fonts/Roboto-Bold.ttf' (160K)
[2018.09.21-12.28.20:857][  0]LogSlate: Took 0.001294 seconds to synchronously load lazily loaded font '../../../Engine/Content/Editor/Slate/Fonts/FontAwesome.ttf' (139K)
[2018.09.21-12.28.20:954][  0]LogRenderer: Reallocating scene render targets to support 1200x560 Format 10 NumSamples 1 (Frame:1).
[2018.09.21-12.28.20:954][  0]LogSlate: Took 0.001408 seconds to synchronously load lazily loaded font '../../../Engine/Content/Slate/Fonts/Roboto-Light.ttf' (167K)
[2018.09.21-12.28.22:155][  4]LogSlate: Took 0.005592 seconds to synchronously load lazily loaded font '../../../Engine/Content/Editor/Slate/Fonts/GenEiGothicPro-Light.otf' (713K)
[2018.09.21-12.28.22:156][  4]LogSlate: Took 0.000168 seconds to synchronously load lazily loaded font '../../../Engine/Content/Slate/Fonts/Roboto-Light.ttf' (167K)
[2018.09.21-12.28.25:614][131]LogSlate: FSceneViewport::OnFocusLost() reason 0
[2018.09.21-12.28.25:745][140]LogRenderer: Reallocating scene render targets to support 1208x576 Format 10 NumSamples 1 (Frame:125).
[2018.09.21-12.28.26:969][208]LogEditorViewport: Clicking on Actor (LMB): MyLift_C (MyLift)
[2018.09.21-12.28.31:263][446]LogSlate: FSceneViewport::OnFocusLost() reason 0
[2018.09.21-12.28.31:437][459]LogAssetEditorManager: Opening Asset editor for Blueprint /Game/BluePrints/MyLift.MyLift
[2018.09.21-12.28.31:850][459]LogContentBrowser: Native class hierarchy updated for 'BlueprintGraph' in 0.0005 seconds. Added 116 classes and 0 folders.
[2018.09.21-12.28.32:507][459]LogSlate: Took 0.000577 seconds to synchronously load lazily loaded font '../../../Engine/Content/Editor/Slate/Fonts/GenEiGothicPro-SemiBold.otf' (703K)
[2018.09.21-12.28.32:507][459]LogSlate: Took 0.000213 seconds to synchronously load lazily loaded font '../../../Engine/Content/Slate/Fonts/Roboto-BoldCondensed.ttf' (158K)
[2018.09.21-12.28.32:592][460]LogSlate: Took 0.000224 seconds to synchronously load lazily loaded font '../../../Engine/Content/Slate/Fonts/Roboto-Italic.ttf' (157K)
[2018.09.21-12.29.13:036][802]LogSlate: Window 'MyLift*' being destroyed
[2018.09.21-12.29.19:508][191]LogEditorViewport: Clicking on Actor (LMB): PlayerStart (PlayerStart)
[2018.09.21-12.29.22:213][338]LogSlate: FSceneViewport::OnFocusLost() reason 0
[2018.09.21-12.29.22:394][352]LogAssetEditorManager: Opening Asset editor for Blueprint /Game/BluePrints/MyCharcter.MyCharcter
[2018.09.21-12.29.34:800][776]LogAssetEditorManager: Opening Asset editor for WidgetBlueprint /Game/BluePrints/MyInventory.MyInventory
[2018.09.21-12.32.29:433][197]BlueprintLog: New page: MyLift をコンパイル
[2018.09.21-12.32.30:007][223]Cmd: OBJ SAVEPACKAGE PACKAGE="/Game/BluePrints/MyLift" FILE="../../../../../../Users/RenTak/Documents/Unreal Projects/Mypaper2DGame/Content/BluePrints/MyLift.uasset" SILENT=true
[2018.09.21-12.32.30:045][223]LogSavePackage: Moving '../../../../../../Users/RenTak/Documents/Unreal Projects/Mypaper2DGame/Saved/MyLift14FD26704D598ADF85A319A7A5F02B30.tmp' to '../../../../../../Users/RenTak/Documents/Unreal Projects/Mypaper2DGame/Content/BluePrints/MyLift.uasset'
[2018.09.21-12.32.32:126][386]LogEditorViewport: Clicking on Actor (LMB): PaperSpriteActor (2DBackground_Sprite)
[2018.09.21-12.32.32:689][411]LogEditorViewport: Clicking on Actor (LMB): PaperSpriteActor (Platform)
[2018.09.21-12.32.34:241][496]LogEditorViewport: Clicking on Actor (LMB): PaperSpriteActor (Platform)
[2018.09.21-12.32.36:683][632]LogSlate: FSceneViewport::OnFocusLost() reason 0
[2018.09.21-12.32.36:760][639]LogTemp: Repeating last play command: 選択ビューポート
[2018.09.21-12.32.36:784][639]LogPlayLevel: PlayLevel: No blueprints needed recompiling
[2018.09.21-12.32.36:797][639]PIE: New page: PIEセッション: My2DMap (2018/09/21 18:32:36)
[2018.09.21-12.32.36:797][639]LogPlayLevel: Creating play world package: /Game/UEDPIE_0_My2DMap
[2018.09.21-12.32.36:798][639]LogPlayLevel: PIE: StaticDuplicateObject took: (0.001016s)
[2018.09.21-12.32.36:798][639]LogAIModule: Creating AISystem for world My2DMap
[2018.09.21-12.32.36:798][639]LogPlayLevel: PIE: World Init took: (0.000545s)
[2018.09.21-12.32.36:798][639]LogPlayLevel: PIE: Created PIE world by copying editor world from /Game/My2DMap.My2DMap to /Game/UEDPIE_0_My2DMap.My2DMap (0.001710s)
[2018.09.21-12.32.36:826][639]LogInit: XAudio2 using 'Speakers (Realtek High Definition Audio)' : 2 channels at 48 kHz using 32 bits per sample (channel mask 0x3)
[2018.09.21-12.32.36:841][639]LogInit: FAudioDevice initialized.
[2018.09.21-12.32.36:890][639]LogLoad: Game class is 'My2DGameMode_C'
[2018.09.21-12.32.36:892][639]LogWorld: Bringing World /Game/UEDPIE_0_My2DMap.My2DMap up for play (max tick rate 0) at 2018.09.21-15.32.36
[2018.09.21-12.32.36:892][639]LogWorld: Bringing up level for play took: 0.000747
[2018.09.21-12.32.36:911][639]LogContentBrowser: Native class hierarchy updated for 'MovieSceneCapture' in 0.0002 seconds. Added 10 classes and 0 folders.
[2018.09.21-12.32.36:913][639]PIE: /Game/UEDPIE_0_My2DMap 0.428のプレイ イン エディタの開始時間
[2018.09.21-12.32.39:779][819]LogSlate: Updating window title bar state: overlay mode, drag disabled, window buttons hidden, title bar hidden
[2018.09.21-12.32.39:825][819]LogPlayLevel: Display: Shutting down PIE online subsystems
[2018.09.21-12.32.39:855][819]LogSlate: Updating window title bar state: overlay mode, drag disabled, window buttons hidden, title bar hidden
[2018.09.21-12.32.39:881][820]LogPlayLevel: Display: Destroying online subsystem :Context_6
[2018.09.21-12.32.40:506][857]Cmd: SELECT NONE
[2018.09.21-12.32.41:142][893]LogSlate: FSceneViewport::OnFocusLost() reason 0
[2018.09.21-12.32.41:210][897]LogTemp: Repeating last play command: 選択ビューポート
[2018.09.21-12.32.41:228][897]LogPlayLevel: PlayLevel: No blueprints needed recompiling
[2018.09.21-12.32.41:228][897]PIE: New page: PIEセッション: My2DMap (2018/09/21 18:32:41)
[2018.09.21-12.32.41:228][897]LogPlayLevel: Creating play world package: /Game/UEDPIE_0_My2DMap
[2018.09.21-12.32.41:229][897]LogPlayLevel: PIE: StaticDuplicateObject took: (0.001118s)
[2018.09.21-12.32.41:230][897]LogAIModule: Creating AISystem for world My2DMap
[2018.09.21-12.32.41:230][897]LogPlayLevel: PIE: World Init took: (0.000578s)
[2018.09.21-12.32.41:230][897]LogPlayLevel: PIE: Created PIE world by copying editor world from /Game/My2DMap.My2DMap to /Game/UEDPIE_0_My2DMap.My2DMap (0.001811s)
[2018.09.21-12.32.41:258][897]LogInit: XAudio2 using 'Speakers (Realtek High Definition Audio)' : 2 channels at 48 kHz using 32 bits per sample (channel mask 0x3)
[2018.09.21-12.32.41:273][897]LogInit: FAudioDevice initialized.
[2018.09.21-12.32.41:305][897]LogLoad: Game class is 'My2DGameMode_C'
[2018.09.21-12.32.41:306][897]LogWorld: Bringing World /Game/UEDPIE_0_My2DMap.My2DMap up for play (max tick rate 0) at 2018.09.21-15.32.41
[2018.09.21-12.32.41:307][897]LogWorld: Bringing up level for play took: 0.000598
[2018.09.21-12.32.41:320][897]PIE: /Game/UEDPIE_0_My2DMap 0.835のプレイ イン エディタの開始時間
[2018.09.21-12.32.42:303][963]LogSlate: Updating window title bar state: overlay mode, drag disabled, window buttons hidden, title bar hidden
[2018.09.21-12.32.42:336][963]LogPlayLevel: Display: Shutting down PIE online subsystems
[2018.09.21-12.32.42:364][963]LogSlate: Updating window title bar state: overlay mode, drag disabled, window buttons hidden, title bar hidden
[2018.09.21-12.32.42:408][967]LogPlayLevel: Display: Destroying online subsystem :Context_7
[2018.09.21-12.32.44:426][173]LogPlayLevel: PlayLevel: No blueprints needed recompiling
[2018.09.21-12.32.44:426][173]PIE: New page: SIEセッション: My2DMap (2018/09/21 18:32:44)
[2018.09.21-12.32.44:426][173]LogPlayLevel: Creating play world package: /Game/UEDPIE_0_My2DMap
[2018.09.21-12.32.44:427][173]LogPlayLevel: PIE: StaticDuplicateObject took: (0.001374s)
[2018.09.21-12.32.44:428][173]LogAIModule: Creating AISystem for world My2DMap
[2018.09.21-12.32.44:428][173]LogPlayLevel: PIE: World Init took: (0.000581s)
[2018.09.21-12.32.44:428][173]LogPlayLevel: PIE: Created PIE world by copying editor world from /Game/My2DMap.My2DMap to /Game/UEDPIE_0_My2DMap.My2DMap (0.002068s)
[2018.09.21-12.32.44:455][173]LogInit: XAudio2 using 'Speakers (Realtek High Definition Audio)' : 2 channels at 48 kHz using 32 bits per sample (channel mask 0x3)
[2018.09.21-12.32.44:469][173]LogInit: FAudioDevice initialized.
[2018.09.21-12.32.44:509][173]LogLoad: Game class is 'My2DGameMode_C'
[2018.09.21-12.32.44:513][173]LogWorld: Bringing World /Game/UEDPIE_0_My2DMap.My2DMap up for play (max tick rate 0) at 2018.09.21-15.32.44
[2018.09.21-12.32.44:514][173]LogWorld: Bringing up level for play took: 0.002230
[2018.09.21-12.32.44:530][173]PIE: /Game/UEDPIE_0_My2DMap 0.045のプレイ イン エディタの開始時間
[2018.09.21-12.32.46:459][284]LogEditorViewport: Clicking on Actor (context menu): PaperSpriteActor (2DBackground_Sprite)
[2018.09.21-12.32.46:522][284]LogSlate: FSceneViewport::OnFocusLost() reason 2
[2018.09.21-12.32.47:187][354]LogEditorViewport: Clicking on Actor (LMB): PaperSpriteActor (2DBackground_Sprite)
[2018.09.21-12.32.49:318][465]LogSlate: FSceneViewport::OnFocusLost() reason 0
[2018.09.21-12.32.49:385][469]LogSlate: Updating window title bar state: overlay mode, drag disabled, window buttons hidden, title bar hidden
[2018.09.21-12.32.49:420][469]LogPlayLevel: Display: Shutting down PIE online subsystems
[2018.09.21-12.32.49:450][469]LogSlate: Updating window title bar state: overlay mode, drag disabled, window buttons hidden, title bar hidden
[2018.09.21-12.32.49:499][473]LogPlayLevel: Display: Destroying online subsystem :Context_8
[2018.09.21-12.32.50:359][522]LogEditorViewport: Clicking on Actor (LMB): PaperSpriteActor (Platform)
[2018.09.21-12.33.04:035][934]LogSlate: FSceneViewport::OnFocusLost() reason 0
[2018.09.21-12.33.26:297][764]Cmd: OBJ SAVEPACKAGE PACKAGE="/Game/My2DMap" FILE="../../../../../../Users/RenTak/Documents/Unreal Projects/Mypaper2DGame/Content/My2DMap.umap" SILENT=true AUTOSAVING=false KEEPDIRTY=false
[2018.09.21-12.33.26:342][764]LogSavePackage: Moving '../../../../../../Users/RenTak/Documents/Unreal Projects/Mypaper2DGame/Saved/My2DMap8F2437534A7F1DE346F9D5876C8DC603.tmp' to '../../../../../../Users/RenTak/Documents/Unreal Projects/Mypaper2DGame/Content/My2DMap.umap'
[2018.09.21-12.33.27:525][831]LogSlate: FSceneViewport::OnFocusLost() reason 0
[2018.09.21-12.33.27:588][836]LogTemp: Repeating last play command: シミュレート
[2018.09.21-12.33.27:606][836]LogPlayLevel: PlayLevel: No blueprints needed recompiling
[2018.09.21-12.33.27:606][836]PIE: New page: SIEセッション: My2DMap (2018/09/21 18:33:27)
[2018.09.21-12.33.27:606][836]LogPlayLevel: Creating play world package: /Game/UEDPIE_0_My2DMap
[2018.09.21-12.33.27:607][836]LogPlayLevel: PIE: StaticDuplicateObject took: (0.001023s)
[2018.09.21-12.33.27:608][836]LogAIModule: Creating AISystem for world My2DMap
[2018.09.21-12.33.27:608][836]LogPlayLevel: PIE: World Init took: (0.000602s)
[2018.09.21-12.33.27:608][836]LogPlayLevel: PIE: Created PIE world by copying editor world from /Game/My2DMap.My2DMap to /Game/UEDPIE_0_My2DMap.My2DMap (0.001761s)
[2018.09.21-12.33.27:632][836]LogInit: XAudio2 using 'Speakers (Realtek High Definition Audio)' : 2 channels at 48 kHz using 32 bits per sample (channel mask 0x3)
[2018.09.21-12.33.27:646][836]LogInit: FAudioDevice initialized.
[2018.09.21-12.33.27:677][836]LogLoad: Game class is 'My2DGameMode_C'
[2018.09.21-12.33.27:679][836]LogWorld: Bringing World /Game/UEDPIE_0_My2DMap.My2DMap up for play (max tick rate 0) at 2018.09.21-15.33.27
[2018.09.21-12.33.27:679][836]LogWorld: Bringing up level for play took: 0.000608
[2018.09.21-12.33.27:691][836]PIE: /Game/UEDPIE_0_My2DMap -0.793のプレイ イン エディタの開始時間
[2018.09.21-12.33.28:918][905]LogEditorViewport: Clicking on Actor (LMB): PaperSpriteActor (2DBackground_Sprite)
[2018.09.21-12.34.02:021][616]LogSlate: FSceneViewport::OnFocusLost() reason 0
[2018.09.21-12.34.02:061][617]LogSlate: Updating window title bar state: overlay mode, drag disabled, window buttons hidden, title bar hidden
[2018.09.21-12.34.02:093][617]LogPlayLevel: Display: Shutting down PIE online subsystems
[2018.09.21-12.34.02:126][617]LogSlate: Updating window title bar state: overlay mode, drag disabled, window buttons hidden, title bar hidden
[2018.09.21-12.34.02:159][620]LogPlayLevel: Display: Destroying online subsystem :Context_9
[2018.09.21-12.34.04:817][890]LogPlayLevel: PlayLevel: No blueprints needed recompiling
[2018.09.21-12.34.04:817][890]PIE: New page: PIEセッション: My2DMap (2018/09/21 18:34:04)
[2018.09.21-12.34.04:817][890]LogPlayLevel: Creating play world package: /Game/UEDPIE_0_My2DMap
[2018.09.21-12.34.04:818][890]LogPlayLevel: PIE: StaticDuplicateObject took: (0.001065s)
[2018.09.21-12.34.04:819][890]LogAIModule: Creating AISystem for world My2DMap
[2018.09.21-12.34.04:819][890]LogPlayLevel: PIE: World Init took: (0.000589s)
[2018.09.21-12.34.04:819][890]LogPlayLevel: PIE: Created PIE world by copying editor world from /Game/My2DMap.My2DMap to /Game/UEDPIE_0_My2DMap.My2DMap (0.001739s)
[2018.09.21-12.34.04:849][890]LogInit: XAudio2 using 'Speakers (Realtek High Definition Audio)' : 2 channels at 48 kHz using 32 bits per sample (channel mask 0x3)
[2018.09.21-12.34.04:864][890]LogInit: FAudioDevice initialized.
[2018.09.21-12.34.04:899][890]LogLoad: Game class is 'My2DGameMode_C'
[2018.09.21-12.34.04:903][890]LogWorld: Bringing World /Game/UEDPIE_0_My2DMap.My2DMap up for play (max tick rate 0) at 2018.09.21-15.34.04
[2018.09.21-12.34.04:904][890]LogWorld: Bringing up level for play took: 0.002273
[2018.09.21-12.34.04:921][890]PIE: /Game/UEDPIE_0_My2DMap 0.437のプレイ イン エディタの開始時間
[2018.09.21-12.34.50:206][801]LogCharacterMovement: MyCharcter_C_0 is stuck and failed to move! Velocity: X=197.24 Y=0.00 Z=0.00 Location: X=-624.64 Y=0.00 Z=-187.40 Normal: X=-0.01 Y=0.00 Z=-1.00 PenetrationDepth:5.107 Actor:MyLift_2 Component:LiftSprite BoneName:None (0 other events since notify)
[2018.09.21-12.34.59:821][433]LogSlate: Updating window title bar state: overlay mode, drag disabled, window buttons hidden, title bar hidden
[2018.09.21-12.34.59:867][433]LogPlayLevel: Display: Shutting down PIE online subsystems
[2018.09.21-12.34.59:898][433]LogSlate: Updating window title bar state: overlay mode, drag disabled, window buttons hidden, title bar hidden
[2018.09.21-12.34.59:922][434]LogPlayLevel: Display: Destroying online subsystem :Context_10
[2018.09.21-12.35.01:805][542]LogSlate: FSceneViewport::OnFocusLost() reason 0
[2018.09.21-12.35.13:978][982]BlueprintLog: New page: MyLift をコンパイル
[2018.09.21-12.35.14:506][ 24]Cmd: OBJ SAVEPACKAGE PACKAGE="/Game/BluePrints/MyLift" FILE="../../../../../../Users/RenTak/Documents/Unreal Projects/Mypaper2DGame/Content/BluePrints/MyLift.uasset" SILENT=true
[2018.09.21-12.35.14:538][ 24]LogSavePackage: Moving '../../../../../../Users/RenTak/Documents/Unreal Projects/Mypaper2DGame/Saved/MyLift8D48DF8A4521E92E4CCDBC8E8473BA5B.tmp' to '../../../../../../Users/RenTak/Documents/Unreal Projects/Mypaper2DGame/Content/BluePrints/MyLift.uasset'
[2018.09.21-12.35.16:613][188]LogTemp: Repeating last play command: 選択ビューポート
[2018.09.21-12.35.16:637][188]LogPlayLevel: PlayLevel: No blueprints needed recompiling
[2018.09.21-12.35.16:637][188]PIE: New page: PIEセッション: My2DMap (2018/09/21 18:35:16)
[2018.09.21-12.35.16:637][188]LogPlayLevel: Creating play world package: /Game/UEDPIE_0_My2DMap
[2018.09.21-12.35.16:638][188]LogPlayLevel: PIE: StaticDuplicateObject took: (0.000981s)
[2018.09.21-12.35.16:638][188]LogAIModule: Creating AISystem for world My2DMap
[2018.09.21-12.35.16:638][188]LogPlayLevel: PIE: World Init took: (0.000495s)
[2018.09.21-12.35.16:638][188]LogPlayLevel: PIE: Created PIE world by copying editor world from /Game/My2DMap.My2DMap to /Game/UEDPIE_0_My2DMap.My2DMap (0.001557s)
[2018.09.21-12.35.16:664][188]LogInit: XAudio2 using 'Speakers (Realtek High Definition Audio)' : 2 channels at 48 kHz using 32 bits per sample (channel mask 0x3)
[2018.09.21-12.35.16:679][188]LogInit: FAudioDevice initialized.
[2018.09.21-12.35.16:710][188]LogLoad: Game class is 'My2DGameMode_C'
[2018.09.21-12.35.16:711][188]LogWorld: Bringing World /Game/UEDPIE_0_My2DMap.My2DMap up for play (max tick rate 0) at 2018.09.21-15.35.16
[2018.09.21-12.35.16:711][188]LogWorld: Bringing up level for play took: 0.000834
[2018.09.21-12.35.16:724][188]PIE: /Game/UEDPIE_0_My2DMap 0.241のプレイ イン エディタの開始時間
[2018.09.21-12.35.26:634][818]LogCharacterMovement: MyCharcter_C_0 is stuck and failed to move! Velocity: X=275.25 Y=0.00 Z=0.00 Location: X=-270.65 Y=0.00 Z=-185.85 Normal: X=-1.00 Y=0.05 Z=-0.00 PenetrationDepth:0.049 Actor:Platform_12 Component:RenderComponent BoneName:None (0 other events since notify)
[2018.09.21-12.35.34:573][313]LogSlate: Updating window title bar state: overlay mode, drag disabled, window buttons hidden, title bar hidden
[2018.09.21-12.35.34:621][313]LogPlayLevel: Display: Shutting down PIE online subsystems
[2018.09.21-12.35.34:662][313]LogSlate: Updating window title bar state: overlay mode, drag disabled, window buttons hidden, title bar hidden
[2018.09.21-12.35.34:687][314]LogPlayLevel: Display: Destroying online subsystem :Context_11
[2018.09.21-12.35.36:750][432]LogSlate: FSceneViewport::OnFocusLost() reason 0
[2018.09.21-12.35.38:860][590]LogEditorViewport: Clicking on Actor (LMB): PaperSpriteActor (2DBackground_Sprite)
[2018.09.21-12.35.39:398][616]LogEditorViewport: Clicking on Actor (LMB): PlayerStart (PlayerStart)
[2018.09.21-12.35.46:529][ 20]LogSlate: FSceneViewport::OnFocusLost() reason 0
[2018.09.21-12.36.28:112][575]LogTemp: Repeating last play command: 選択ビューポート
[2018.09.21-12.36.28:132][575]LogPlayLevel: PlayLevel: No blueprints needed recompiling
[2018.09.21-12.36.28:132][575]PIE: New page: PIEセッション: My2DMap (2018/09/21 18:36:28)
[2018.09.21-12.36.28:132][575]LogPlayLevel: Creating play world package: /Game/UEDPIE_0_My2DMap
[2018.09.21-12.36.28:133][575]LogPlayLevel: PIE: StaticDuplicateObject took: (0.001020s)
[2018.09.21-12.36.28:133][575]LogAIModule: Creating AISystem for world My2DMap
[2018.09.21-12.36.28:134][575]LogPlayLevel: PIE: World Init took: (0.000521s)
[2018.09.21-12.36.28:134][575]LogPlayLevel: PIE: Created PIE world by copying editor world from /Game/My2DMap.My2DMap to /Game/UEDPIE_0_My2DMap.My2DMap (0.001663s)
[2018.09.21-12.36.28:163][575]LogInit: XAudio2 using 'Speakers (Realtek High Definition Audio)' : 2 channels at 48 kHz using 32 bits per sample (channel mask 0x3)
[2018.09.21-12.36.28:177][575]LogInit: FAudioDevice initialized.
[2018.09.21-12.36.28:189][575]LogSlate: Updating window title bar state: overlay mode, drag disabled, window buttons hidden, title bar hidden
[2018.09.21-12.36.28:242][575]LogLoad: Game class is 'My2DGameMode_C'
[2018.09.21-12.36.28:245][575]LogWorld: Bringing World /Game/UEDPIE_0_My2DMap.My2DMap up for play (max tick rate 0) at 2018.09.21-15.36.28
[2018.09.21-12.36.28:245][575]LogWorld: Bringing up level for play took: 0.001205
[2018.09.21-12.36.28:261][575]PIE: /Game/UEDPIE_0_My2DMap -0.222のプレイ イン エディタの開始時間
[2018.09.21-12.36.28:276][575]LogRenderer: Reallocating scene render targets to support 1292x756 Format 10 NumSamples 1 (Frame:1).
[2018.09.21-12.36.40:223][117]LogSlate: FSceneViewport::OnFocusLost() reason 0
[2018.09.21-12.37.10:155][572]LogSlate: Updating window title bar state: overlay mode, drag disabled, window buttons hidden, title bar hidden
[2018.09.21-12.37.10:168][572]LogSlate: Window 'Mypaper2DGame ゲームプレビュー Standalone (64-ビット/PCD3D_SM5)' being destroyed
[2018.09.21-12.37.10:211][572]LogPlayLevel: Display: Shutting down PIE online subsystems
[2018.09.21-12.37.10:278][573]LogPlayLevel: Display: Destroying online subsystem :Context_12
[2018.09.21-12.40.09:812][242]Cmd: TRANSACTION UNDO
[2018.09.21-12.40.09:812][242]LogEditorTransaction: Undo ノードを移動
[2018.09.21-12.40.12:238][518]BlueprintLog: New page: MyCharcter をコンパイル
[2018.09.21-12.40.12:785][556]Cmd: OBJ SAVEPACKAGE PACKAGE="/Game/BluePrints/MyCharcter" FILE="../../../../../../Users/RenTak/Documents/Unreal Projects/Mypaper2DGame/Content/BluePrints/MyCharcter.uasset" SILENT=true
[2018.09.21-12.40.12:829][556]LogSavePackage: Moving '../../../../../../Users/RenTak/Documents/Unreal Projects/Mypaper2DGame/Saved/MyCharcter3A703EA640D56341207A81A2027A5454.tmp' to '../../../../../../Users/RenTak/Documents/Unreal Projects/Mypaper2DGame/Content/BluePrints/MyCharcter.uasset'
[2018.09.21-12.42.37:456][854]LogSelectionDetails: Warning: NavigateToFunctionSource:  Unable to find symbols for 'UKismetSystemLibrary::PrintString' [Elementtiä ei löydy.]
[2018.09.21-12.42.49:228][263]LogTemp: Repeating last play command: 選択ビューポート
[2018.09.21-12.42.49:248][263]BlueprintLog: New page: プレイ前に自動再コンパイル
[2018.09.21-12.42.49:257][263]LogPlayLevel: [PlayLevel] Compiling MyLift before play...
[2018.09.21-12.42.49:400][263]LogPlayLevel: PlayLevel: Blueprint regeneration took 151 ms (1 blueprints)
[2018.09.21-12.42.49:400][263]PIE: New page: PIEセッション: My2DMap (2018/09/21 18:42:49)
[2018.09.21-12.42.49:400][263]LogPlayLevel: Creating play world package: /Game/UEDPIE_0_My2DMap
[2018.09.21-12.42.49:401][263]LogPlayLevel: PIE: StaticDuplicateObject took: (0.001017s)
[2018.09.21-12.42.49:401][263]LogAIModule: Creating AISystem for world My2DMap
[2018.09.21-12.42.49:401][263]LogPlayLevel: PIE: World Init took: (0.000537s)
[2018.09.21-12.42.49:401][263]LogPlayLevel: PIE: Created PIE world by copying editor world from /Game/My2DMap.My2DMap to /Game/UEDPIE_0_My2DMap.My2DMap (0.001636s)
[2018.09.21-12.42.49:431][263]LogInit: XAudio2 using 'Speakers (Realtek High Definition Audio)' : 2 channels at 48 kHz using 32 bits per sample (channel mask 0x3)
[2018.09.21-12.42.49:446][263]LogInit: FAudioDevice initialized.
[2018.09.21-12.42.49:459][263]LogSlate: Updating window title bar state: overlay mode, drag disabled, window buttons hidden, title bar hidden
[2018.09.21-12.42.49:494][263]LogLoad: Game class is 'My2DGameMode_C'
[2018.09.21-12.42.49:496][263]LogWorld: Bringing World /Game/UEDPIE_0_My2DMap.My2DMap up for play (max tick rate 0) at 2018.09.21-15.42.49
[2018.09.21-12.42.49:496][263]LogWorld: Bringing up level for play took: 0.000865
[2018.09.21-12.42.49:510][263]PIE: /Game/UEDPIE_0_My2DMap 1.028のプレイ イン エディタの開始時間
[2018.09.21-12.43.02:894][891]LogCharacterMovement: MyCharcter_C_0 is stuck and failed to move! Velocity: X=-41.80 Y=0.00 Z=0.00 Location: X=-365.04 Y=0.00 Z=-187.84 Normal: X=0.71 Y=0.00 Z=-0.70 PenetrationDepth:14.479 Actor:MyLift_2 Component:LiftSprite BoneName:None (0 other events since notify)
[2018.09.21-12.43.06:209][ 50]LogSlate: Updating window title bar state: overlay mode, drag disabled, window buttons hidden, title bar hidden
[2018.09.21-12.43.06:223][ 50]LogSlate: Window 'Mypaper2DGame ゲームプレビュー Standalone (64-ビット/PCD3D_SM5)' being destroyed
[2018.09.21-12.43.06:263][ 50]LogPlayLevel: Display: Shutting down PIE online subsystems
[2018.09.21-12.43.06:317][ 52]LogPlayLevel: Display: Destroying online subsystem :Context_13
[2018.09.21-12.43.23:698][136]LogTemp: Repeating last play command: 選択ビューポート
[2018.09.21-12.43.23:723][136]LogPlayLevel: PlayLevel: No blueprints needed recompiling
[2018.09.21-12.43.23:723][136]PIE: New page: PIEセッション: My2DMap (2018/09/21 18:43:23)
[2018.09.21-12.43.23:723][136]LogPlayLevel: Creating play world package: /Game/UEDPIE_0_My2DMap
[2018.09.21-12.43.23:724][136]LogPlayLevel: PIE: StaticDuplicateObject took: (0.001065s)
[2018.09.21-12.43.23:724][136]LogAIModule: Creating AISystem for world My2DMap
[2018.09.21-12.43.23:725][136]LogPlayLevel: PIE: World Init took: (0.000588s)
[2018.09.21-12.43.23:725][136]LogPlayLevel: PIE: Created PIE world by copying editor world from /Game/My2DMap.My2DMap to /Game/UEDPIE_0_My2DMap.My2DMap (0.001734s)
[2018.09.21-12.43.23:748][136]LogInit: XAudio2 using 'Speakers (Realtek High Definition Audio)' : 2 channels at 48 kHz using 32 bits per sample (channel mask 0x3)
[2018.09.21-12.43.23:763][136]LogInit: FAudioDevice initialized.
[2018.09.21-12.43.23:771][136]LogSlate: Updating window title bar state: overlay mode, drag disabled, window buttons hidden, title bar hidden
[2018.09.21-12.43.23:806][136]LogLoad: Game class is 'My2DGameMode_C'
[2018.09.21-12.43.23:807][136]LogWorld: Bringing World /Game/UEDPIE_0_My2DMap.My2DMap up for play (max tick rate 0) at 2018.09.21-15.43.23
[2018.09.21-12.43.23:807][136]LogWorld: Bringing up level for play took: 0.000924
[2018.09.21-12.43.23:825][136]PIE: /Game/UEDPIE_0_My2DMap -0.657のプレイ イン エディタの開始時間
[2018.09.21-12.43.37:220][738]LogCharacterMovement: MyCharcter_C_0 is stuck and failed to move! Velocity: X=-600.00 Y=0.00 Z=0.00 Location: X=-457.00 Y=0.00 Z=-187.44 Normal: X=-0.01 Y=0.00 Z=-1.00 PenetrationDepth:13.238 Actor:MyLift_2 Component:LiftSprite BoneName:None (0 other events since notify)
[2018.09.21-12.43.48:052][218]LogSlate: FSceneViewport::OnFocusLost() reason 0
[2018.09.21-12.43.51:728][397]LogSlate: Updating window title bar state: overlay mode, drag disabled, window buttons hidden, title bar hidden
[2018.09.21-12.43.51:741][397]LogSlate: Window 'Mypaper2DGame ゲームプレビュー Standalone (64-ビット/PCD3D_SM5)' being destroyed
[2018.09.21-12.43.51:780][397]LogPlayLevel: Display: Shutting down PIE online subsystems
[2018.09.21-12.43.51:840][398]LogPlayLevel: Display: Destroying online subsystem :Context_14
[2018.09.21-12.45.38:147][187]Cmd: OBJ SAVEPACKAGE PACKAGE="/Game/BluePrints/MyLift" FILE="../../../../../../Users/RenTak/Documents/Unreal Projects/Mypaper2DGame/Content/BluePrints/MyLift.uasset" SILENT=true
[2018.09.21-12.45.38:185][187]LogSavePackage: Moving '../../../../../../Users/RenTak/Documents/Unreal Projects/Mypaper2DGame/Saved/MyLift3D75CD984D6A13C97EBE818632493550.tmp' to '../../../../../../Users/RenTak/Documents/Unreal Projects/Mypaper2DGame/Content/BluePrints/MyLift.uasset'
[2018.09.21-12.45.38:814][249]Cmd: OBJ SAVEPACKAGE PACKAGE="/Game/My2DMap" FILE="../../../../../../Users/RenTak/Documents/Unreal Projects/Mypaper2DGame/Content/My2DMap.umap" SILENT=true AUTOSAVING=false KEEPDIRTY=false
[2018.09.21-12.45.38:860][249]LogSavePackage: Moving '../../../../../../Users/RenTak/Documents/Unreal Projects/Mypaper2DGame/Saved/My2DMap6A8C381241E25579A9AABFB710E92DA6.tmp' to '../../../../../../Users/RenTak/Documents/Unreal Projects/Mypaper2DGame/Content/My2DMap.umap'
[2018.09.21-12.45.38:891][249]LogFileHelpers: Saving map 'My2DMap' took 0.139
[2018.09.21-12.45.39:400][310]BlueprintLog: New page: MyLift をコンパイル
[2018.09.21-12.45.41:718][473]LogEditorViewport: Clicking on Actor (LMB): PlayerStart (PlayerStart)
[2018.09.21-12.45.42:876][534]LogSlate: FSceneViewport::OnFocusLost() reason 0
[2018.09.21-12.47.36:970][805]LogRenderer: Reallocating scene render targets to support 1292x900 Format 10 NumSamples 1 (Frame:1).
[2018.09.21-12.48.48:213][758]Cmd: OBJ SAVEPACKAGE PACKAGE="/Game/My2DMap" FILE="../../../../../../Users/RenTak/Documents/Unreal Projects/Mypaper2DGame/Content/My2DMap.umap" SILENT=true AUTOSAVING=false KEEPDIRTY=false
[2018.09.21-12.48.48:263][758]LogSavePackage: Moving '../../../../../../Users/RenTak/Documents/Unreal Projects/Mypaper2DGame/Saved/My2DMap2CF03ADB4C85EEF417FD6B9F82F2FB19.tmp' to '../../../../../../Users/RenTak/Documents/Unreal Projects/Mypaper2DGame/Content/My2DMap.umap'
[2018.09.21-12.48.48:285][758]LogFileHelpers: Saving map 'My2DMap' took 0.131
[2018.09.21-12.48.50:031][899]BlueprintLog: New page: MyLift をコンパイル
[2018.09.21-12.48.50:564][927]Cmd: OBJ SAVEPACKAGE PACKAGE="/Game/BluePrints/MyLift" FILE="../../../../../../Users/RenTak/Documents/Unreal Projects/Mypaper2DGame/Content/BluePrints/MyLift.uasset" SILENT=true
[2018.09.21-12.48.50:596][927]LogSavePackage: Moving '../../../../../../Users/RenTak/Documents/Unreal Projects/Mypaper2DGame/Saved/MyLiftA0BDE4054BBDB29B9A75CFB0166D54B8.tmp' to '../../../../../../Users/RenTak/Documents/Unreal Projects/Mypaper2DGame/Content/BluePrints/MyLift.uasset'
[2018.09.21-12.49.48:004][560]BlueprintLog: New page: MyLift をコンパイル
[2018.09.21-12.49.48:610][612]Cmd: OBJ SAVEPACKAGE PACKAGE="/Game/BluePrints/MyLift" FILE="../../../../../../Users/RenTak/Documents/Unreal Projects/Mypaper2DGame/Content/BluePrints/MyLift.uasset" SILENT=true
[2018.09.21-12.49.48:642][612]LogSavePackage: Moving '../../../../../../Users/RenTak/Documents/Unreal Projects/Mypaper2DGame/Saved/MyLiftA1D3647B483E7BEB61657A808DCF5E9D.tmp' to '../../../../../../Users/RenTak/Documents/Unreal Projects/Mypaper2DGame/Content/BluePrints/MyLift.uasset'
[2018.09.21-12.49.50:388][738]LogTemp: Repeating last play command: 選択ビューポート
[2018.09.21-12.49.50:413][738]LogPlayLevel: PlayLevel: No blueprints needed recompiling
[2018.09.21-12.49.50:413][738]PIE: New page: PIEセッション: My2DMap (2018/09/21 18:49:50)
[2018.09.21-12.49.50:413][738]LogPlayLevel: Creating play world package: /Game/UEDPIE_0_My2DMap
[2018.09.21-12.49.50:414][738]LogPlayLevel: PIE: StaticDuplicateObject took: (0.001056s)
[2018.09.21-12.49.50:415][738]LogAIModule: Creating AISystem for world My2DMap
[2018.09.21-12.49.50:415][738]LogPlayLevel: PIE: World Init took: (0.000664s)
[2018.09.21-12.49.50:415][738]LogPlayLevel: PIE: Created PIE world by copying editor world from /Game/My2DMap.My2DMap to /Game/UEDPIE_0_My2DMap.My2DMap (0.001846s)
[2018.09.21-12.49.50:445][738]LogInit: XAudio2 using 'Speakers (Realtek High Definition Audio)' : 2 channels at 48 kHz using 32 bits per sample (channel mask 0x3)
[2018.09.21-12.49.50:461][738]LogInit: FAudioDevice initialized.
[2018.09.21-12.49.50:493][738]LogLoad: Game class is 'My2DGameMode_C'
[2018.09.21-12.49.50:495][738]LogWorld: Bringing World /Game/UEDPIE_0_My2DMap.My2DMap up for play (max tick rate 0) at 2018.09.21-15.49.50
[2018.09.21-12.49.50:495][738]LogWorld: Bringing up level for play took: 0.000630
[2018.09.21-12.49.50:507][738]PIE: /Game/UEDPIE_0_My2DMap 0.023のプレイ イン エディタの開始時間
[2018.09.21-12.50.16:697][383]LogCharacterMovement: MyCharcter_C_0 is stuck and failed to move! Velocity: X=182.70 Y=0.00 Z=0.00 Location: X=-691.68 Y=0.00 Z=-187.67 Normal: X=-0.69 Y=0.00 Z=-0.72 PenetrationDepth:4.018 Actor:MyLift_2 Component:LiftSprite BoneName:None (0 other events since notify)
[2018.09.21-12.50.20:994][659]LogSlate: Updating window title bar state: overlay mode, drag disabled, window buttons hidden, title bar hidden
[2018.09.21-12.50.21:039][659]LogPlayLevel: Display: Shutting down PIE online subsystems
[2018.09.21-12.50.21:071][659]LogSlate: Updating window title bar state: overlay mode, drag disabled, window buttons hidden, title bar hidden
[2018.09.21-12.50.21:096][660]LogPlayLevel: Display: Destroying online subsystem :Context_15
[2018.09.21-12.50.23:989][814]LogSlate: FSceneViewport::OnFocusLost() reason 2
[2018.09.21-12.50.24:057][814]Cmd: OBJ SAVEPACKAGE PACKAGE="/Game/My2DMap" FILE="../../../../../../Users/RenTak/Documents/Unreal Projects/Mypaper2DGame/Content/My2DMap.umap" SILENT=true AUTOSAVING=false KEEPDIRTY=false
[2018.09.21-12.50.24:101][814]LogSavePackage: Moving '../../../../../../Users/RenTak/Documents/Unreal Projects/Mypaper2DGame/Saved/My2DMap4AD56FB34AA93B75256C56AFBE20727A.tmp' to '../../../../../../Users/RenTak/Documents/Unreal Projects/Mypaper2DGame/Content/My2DMap.umap'
[2018.09.21-12.50.24:126][814]LogFileHelpers: Saving map 'My2DMap' took 0.133
[2018.09.21-12.50.40:038][934]LogActorComponent: UnregisterComponent: (/Engine/Transient.EditorFloorComp) Not registered. Aborting.
[2018.09.21-12.50.40:115][934]LogSlate: Window 'Mypaper2DGame - Unreal Editor' being destroyed
[2018.09.21-12.50.40:299][935]Cmd: QUIT_EDITOR
[2018.09.21-12.50.40:437][935]LogWindowsTextInputMethodSystem: Display: IME system now activated using TSF (Microsoft IME).
[2018.09.21-12.50.40:446][935]LogExit: Preparing to exit.
[2018.09.21-12.50.41:166][935]LogExit: Editor shut down
[2018.09.21-12.50.41:167][935]LogExit: Transaction tracking system shut down
[2018.09.21-12.50.41:459][935]LogExit: Object subsystem successfully closed.
[2018.09.21-12.50.41:477][935]LogShaderCompilers: Display: Shaders left to compile 0
[2018.09.21-12.50.41:479][935]LogD3D11RHI: Shutdown
[2018.09.21-12.50.41:479][935]LogD3D11RHI: CleanupD3DDevice
[2018.09.21-12.50.41:480][935]LogD3D11RHI: ~FD3D11DynamicRHI
[2018.09.21-12.50.41:497][935]LogModuleManager: Shutting down and abandoning module MovieSceneCapture (618)
[2018.09.21-12.50.41:497][935]LogModuleManager: Shutting down and abandoning module Voice (616)
[2018.09.21-12.50.41:497][935]LogModuleManager: Shutting down and abandoning module SequencerWidgets (614)
[2018.09.21-12.50.41:497][935]LogModuleManager: Shutting down and abandoning module BlueprintGraph (612)
[2018.09.21-12.50.41:497][935]LogModuleManager: Shutting down and abandoning module HierarchicalLODOutliner (610)
[2018.09.21-12.50.41:497][935]LogModuleManager: Shutting down and abandoning module SceneOutliner (608)
[2018.09.21-12.50.41:497][935]LogModuleManager: Shutting down and abandoning module AddContentDialog (606)
[2018.09.21-12.50.41:497][935]LogModuleManager: Shutting down and abandoning module WidgetCarousel (605)
[2018.09.21-12.50.41:497][935]LogModuleManager: Shutting down and abandoning module EditorWidgets (602)
[2018.09.21-12.50.41:497][935]LogModuleManager: Shutting down and abandoning module CollectionManager (600)
[2018.09.21-12.50.41:497][935]LogModuleManager: Shutting down and abandoning module StatsViewer (598)
[2018.09.21-12.50.41:497][935]LogModuleManager: Shutting down and abandoning module FoliageEdit (596)
[2018.09.21-12.50.41:497][935]LogModuleManager: Shutting down and abandoning module LandscapeEditor (594)
[2018.09.21-12.50.41:497][935]LogModuleManager: Shutting down and abandoning module MeshPaintMode (592)
[2018.09.21-12.50.41:497][935]LogModuleManager: Shutting down and abandoning module SceneDepthPickerMode (590)
[2018.09.21-12.50.41:497][935]LogModuleManager: Shutting down and abandoning module ActorPickerMode (588)
[2018.09.21-12.50.41:497][935]LogModuleManager: Shutting down and abandoning module GeometryMode (586)
[2018.09.21-12.50.41:497][935]LogModuleManager: Shutting down and abandoning module TextureAlignMode (584)
[2018.09.21-12.50.41:497][935]LogModuleManager: Shutting down and abandoning module BspMode (582)
[2018.09.21-12.50.41:497][935]LogModuleManager: Shutting down and abandoning module PIEPreviewDeviceProfileSelector (580)
[2018.09.21-12.50.41:497][935]LogModuleManager: Shutting down and abandoning module SequenceRecorderSections (578)
[2018.09.21-12.50.41:497][935]LogModuleManager: Shutting down and abandoning module AutomationWorker (576)
[2018.09.21-12.50.41:497][935]LogModuleManager: Shutting down and abandoning module AudioCaptureEditor (574)
[2018.09.21-12.50.41:497][935]LogModuleManager: Shutting down and abandoning module SequenceRecorder (573)
[2018.09.21-12.50.41:497][935]LogModuleManager: Shutting down and abandoning module MatineeToLevelSequence (570)
[2018.09.21-12.50.41:497][935]LogModuleManager: Shutting down and abandoning module LevelSequenceEditor (568)
[2018.09.21-12.50.41:498][935]LogModuleManager: Shutting down and abandoning module PlacementMode (567)
[2018.09.21-12.50.41:498][935]LogModuleManager: Shutting down and abandoning module MaterialEditor (566)
[2018.09.21-12.50.41:498][935]LogModuleManager: Shutting down and abandoning module WmfMediaFactory (562)
[2018.09.21-12.50.41:498][935]LogModuleManager: Shutting down and abandoning module WmfMediaEditor (560)
[2018.09.21-12.50.41:498][935]LogModuleManager: Shutting down and abandoning module MediaPlayerEditor (558)
[2018.09.21-12.50.41:498][935]LogModuleManager: Shutting down and abandoning module OpenExrWrapper (556)
[2018.09.21-12.50.41:498][935]LogModuleManager: Shutting down and abandoning module ImgMediaFactory (554)
[2018.09.21-12.50.41:498][935]LogModuleManager: Shutting down and abandoning module ImgMediaEditor (552)
[2018.09.21-12.50.41:498][935]LogModuleManager: Shutting down and abandoning module AvfMediaFactory (550)
[2018.09.21-12.50.41:498][935]LogModuleManager: Shutting down and abandoning module AvfMediaEditor (548)
[2018.09.21-12.50.41:498][935]LogModuleManager: Shutting down and abandoning module AndroidMediaFactory (546)
[2018.09.21-12.50.41:498][935]LogModuleManager: Shutting down and abandoning module AndroidMediaEditor (544)
[2018.09.21-12.50.41:498][935]LogModuleManager: Shutting down and abandoning module MagicLeapCameraPreviewFactory (542)
[2018.09.21-12.50.41:498][935]LogModuleManager: Shutting down and abandoning module MagicLeapMediaFactory (540)
[2018.09.21-12.50.41:498][935]LogModuleManager: Shutting down and abandoning module MagicLeapMediaEditor (538)
[2018.09.21-12.50.41:498][935]LogModuleManager: Shutting down and abandoning module CharacterAI (536)
[2018.09.21-12.50.41:498][935]LogModuleManager: Shutting down and abandoning module SmartSnapping (534)
[2018.09.21-12.50.41:498][935]LogModuleManager: Shutting down and abandoning module SessionServices (532)
[2018.09.21-12.50.41:498][935]LogModuleManager: Shutting down and abandoning module ViewportSnapping (530)
[2018.09.21-12.50.41:498][935]LogModuleManager: Shutting down and abandoning module ViewportInteraction (528)
[2018.09.21-12.50.41:498][935]LogModuleManager: Shutting down and abandoning module ClothPainter (526)
[2018.09.21-12.50.41:498][935]LogModuleManager: Shutting down and abandoning module SkeletalMeshEditor (525)
[2018.09.21-12.50.41:498][935]LogModuleManager: Shutting down and abandoning module LogVisualizer (522)
[2018.09.21-12.50.41:498][935]LogModuleManager: Shutting down and abandoning module IntroTutorials (520)
[2018.09.21-12.50.41:498][935]LogModuleManager: Shutting down and abandoning module GameProjectGeneration (519)
[2018.09.21-12.50.41:498][935]LogModuleManager: Shutting down and abandoning module LuminPlatformEditor (516)
[2018.09.21-12.50.41:498][935]LogModuleManager: Shutting down and abandoning module IOSPlatformEditor (514)
[2018.09.21-12.50.41:498][935]LogModuleManager: Shutting down and abandoning module HTML5PlatformEditor (512)
[2018.09.21-12.50.41:498][935]LogModuleManager: Shutting down and abandoning module AndroidPlatformEditor (510)
[2018.09.21-12.50.41:498][935]LogModuleManager: Shutting down and abandoning module AndroidDeviceDetection (509)
[2018.09.21-12.50.42:107][935]LogModuleManager: Shutting down and abandoning module WindowsPlatformEditor (506)
[2018.09.21-12.50.42:107][935]LogModuleManager: Shutting down and abandoning module LuminRuntimeSettings (504)
[2018.09.21-12.50.42:107][935]LogModuleManager: Shutting down and abandoning module IOSRuntimeSettings (502)
[2018.09.21-12.50.42:107][935]LogModuleManager: Shutting down and abandoning module AndroidRuntimeSettings (500)
[2018.09.21-12.50.42:107][935]LogModuleManager: Shutting down and abandoning module InputBindingEditor (498)
[2018.09.21-12.50.42:107][935]LogModuleManager: Shutting down and abandoning module MergeActors (496)
[2018.09.21-12.50.42:108][935]LogModuleManager: Shutting down and abandoning module LocalizationDashboard (494)
[2018.09.21-12.50.42:108][935]LogModuleManager: Shutting down and abandoning module LocalizationService (493)
[2018.09.21-12.50.42:108][935]LogModuleManager: Shutting down and abandoning module HardwareTargeting (490)
[2018.09.21-12.50.42:108][935]LogModuleManager: Shutting down and abandoning module DeviceProfileEditor (488)
[2018.09.21-12.50.42:108][935]LogModuleManager: Shutting down and abandoning module UndoHistory (486)
[2018.09.21-12.50.42:108][935]LogModuleManager: Shutting down and abandoning module XmlParser (484)
[2018.09.21-12.50.42:108][935]LogModuleManager: Shutting down and abandoning module Blutility (482)
[2018.09.21-12.50.42:108][935]LogModuleManager: Shutting down and abandoning module ProjectSettingsViewer (480)
[2018.09.21-12.50.42:108][935]LogModuleManager: Shutting down and abandoning module ProjectTargetPlatformEditor (479)
[2018.09.21-12.50.42:108][935]LogModuleManager: Shutting down and abandoning module EditorSettingsViewer (476)
[2018.09.21-12.50.42:108][935]LogModuleManager: Shutting down and abandoning module SettingsEditor (474)
[2018.09.21-12.50.42:108][935]LogModuleManager: Shutting down and abandoning module ProjectLauncher (472)
[2018.09.21-12.50.42:108][935]LogModuleManager: Shutting down and abandoning module SessionFrontend (470)
[2018.09.21-12.50.42:108][935]LogModuleManager: Shutting down and abandoning module ProfilerClient (468)
[2018.09.21-12.50.42:108][935]LogModuleManager: Shutting down and abandoning module DeviceManager (466)
[2018.09.21-12.50.42:108][935]LogModuleManager: Shutting down and abandoning module TargetDeviceServices (465)
[2018.09.21-12.50.42:163][935]LogModuleManager: Shutting down and abandoning module AutomationController (462)
[2018.09.21-12.50.42:163][935]LogModuleManager: Shutting down and abandoning module AutomationWindow (460)
[2018.09.21-12.50.42:163][935]LogModuleManager: Shutting down and abandoning module Layers (458)
[2018.09.21-12.50.42:163][935]LogModuleManager: Shutting down and abandoning module ComponentVisualizers (456)
[2018.09.21-12.50.42:163][935]LogModuleManager: Shutting down and abandoning module DetailCustomizations (454)
[2018.09.21-12.50.42:163][935]LogModuleManager: Shutting down and abandoning module PackagesDialog (452)
[2018.09.21-12.50.42:163][935]LogModuleManager: Shutting down and abandoning module Persona (450)
[2018.09.21-12.50.42:163][935]LogModuleManager: Shutting down and abandoning module AdvancedPreviewScene (449)
[2018.09.21-12.50.42:163][935]LogModuleManager: Shutting down and abandoning module AnimGraph (447)
[2018.09.21-12.50.42:163][935]LogModuleManager: Shutting down and abandoning module Kismet (444)
[2018.09.21-12.50.42:167][935]LogModuleManager: Shutting down and abandoning module GraphEditor (442)
[2018.09.21-12.50.42:167][935]LogModuleManager: Shutting down and abandoning module ClassViewer (440)
[2018.09.21-12.50.42:167][935]LogModuleManager: Shutting down and abandoning module Toolbox (438)
[2018.09.21-12.50.42:167][935]LogModuleManager: Shutting down and abandoning module ModuleUI (436)
[2018.09.21-12.50.42:167][935]LogModuleManager: Shutting down and abandoning module MovieSceneTools (434)
[2018.09.21-12.50.42:167][935]LogModuleManager: Shutting down and abandoning module OutputLog (432)
[2018.09.21-12.50.42:167][935]LogModuleManager: Shutting down and abandoning module GammaUI (430)
[2018.09.21-12.50.42:167][935]LogModuleManager: Shutting down and abandoning module Documentation (428)
[2018.09.21-12.50.42:167][935]LogModuleManager: Shutting down and abandoning module MovieSceneTracks (426)
[2018.09.21-12.50.42:167][935]LogModuleManager: Shutting down and abandoning module MovieScene (424)
[2018.09.21-12.50.42:167][935]LogModuleManager: Shutting down and abandoning module StreamingPauseRendering (422)
[2018.09.21-12.50.42:167][935]LogModuleManager: Shutting down and abandoning module LauncherPlatform (420)
[2018.09.21-12.50.42:167][935]LogModuleManager: Shutting down and abandoning module AnalyticsET (418)
[2018.09.21-12.50.42:167][935]LogModuleManager: Shutting down and abandoning module PortalServices (416)
[2018.09.21-12.50.42:167][935]LogModuleManager: Shutting down and abandoning module PortalRpc (414)
[2018.09.21-12.50.42:167][935]LogModuleManager: Shutting down and abandoning module MessagingRpc (412)
[2018.09.21-12.50.42:167][935]LogModuleManager: Shutting down and abandoning module AIModule (410)
[2018.09.21-12.50.42:167][935]LogModuleManager: Shutting down and abandoning module GameplayDebugger (409)
[2018.09.21-12.50.42:167][935]LogModuleManager: Shutting down and abandoning module AITestSuite (407)
[2018.09.21-12.50.42:167][935]LogModuleManager: Shutting down and abandoning module NavigationSystem (405)
[2018.09.21-12.50.42:167][935]LogModuleManager: Shutting down and abandoning module DesktopPlatform (402)
[2018.09.21-12.50.42:167][935]LogModuleManager: Shutting down and abandoning module ProfilerService (400)
[2018.09.21-12.50.42:200][935]LogModuleManager: Shutting down and abandoning module TaskGraph (398)
[2018.09.21-12.50.42:200][935]LogModuleManager: Shutting down and abandoning module SteamVRController (396)
[2018.09.21-12.50.42:200][935]LogModuleManager: Shutting down and abandoning module ProceduralMeshComponentEditor (394)
[2018.09.21-12.50.42:200][935]LogModuleManager: Shutting down and abandoning module ProceduralMeshComponent (392)
[2018.09.21-12.50.42:200][935]LogModuleManager: Shutting down and abandoning module OculusInput (390)
[2018.09.21-12.50.42:200][935]LogModuleManager: Shutting down and abandoning module MobilePatchingUtils (388)
[2018.09.21-12.50.42:200][935]LogModuleManager: Shutting down and abandoning module EditableMesh (386)
[2018.09.21-12.50.42:200][935]LogModuleManager: Shutting down and abandoning module CustomMeshComponent (384)
[2018.09.21-12.50.42:200][935]LogModuleManager: Shutting down and abandoning module CableComponent (382)
[2018.09.21-12.50.42:200][935]LogModuleManager: Shutting down and abandoning module AudioCapture (380)
[2018.09.21-12.50.42:200][935]LogModuleManager: Shutting down and abandoning module ArchVisCharacter (378)
[2018.09.21-12.50.42:200][935]LogModuleManager: Shutting down and abandoning module AndroidPermission (376)
[2018.09.21-12.50.42:200][935]LogModuleManager: Shutting down and abandoning module NUTUnrealEngine4 (374)
[2018.09.21-12.50.42:200][935]LogModuleManager: Shutting down and abandoning module NetcodeUnitTest (372)
[2018.09.21-12.50.42:200][935]LogModuleManager: Shutting down and abandoning module MediaCompositingEditor (370)
[2018.09.21-12.50.42:200][935]LogModuleManager: Shutting down and abandoning module MediaCompositing (368)
[2018.09.21-12.50.42:200][935]LogModuleManager: Shutting down and abandoning module LinearTimecode (366)
[2018.09.21-12.50.42:200][935]LogModuleManager: Shutting down and abandoning module ImgMedia (364)
[2018.09.21-12.50.42:204][935]LogModuleManager: Shutting down and abandoning module HTML5Networking (362)
[2018.09.21-12.50.42:204][935]LogModuleManager: Shutting down and abandoning module GeometryCacheTracks (360)
[2018.09.21-12.50.42:204][935]LogModuleManager: Shutting down and abandoning module GeometryCacheSequencer (358)
[2018.09.21-12.50.42:204][935]LogModuleManager: Shutting down and abandoning module BackChannel (356)
[2018.09.21-12.50.42:204][935]LogModuleManager: Shutting down and abandoning module AppleVision (354)
[2018.09.21-12.50.42:204][935]LogModuleManager: Shutting down and abandoning module AppleImageUtils (352)
[2018.09.21-12.50.42:204][935]LogModuleManager: Shutting down and abandoning module AlembicImporter (350)
[2018.09.21-12.50.42:204][935]LogModuleManager: Shutting down and abandoning module AlembicLibrary (349)
[2018.09.21-12.50.42:204][935]LogModuleManager: Shutting down and abandoning module GeometryCache (348)
[2018.09.21-12.50.42:204][935]LogModuleManager: Shutting down and abandoning module GeometryCacheEd (347)
[2018.09.21-12.50.42:204][935]LogModuleManager: Shutting down and abandoning module DatasmithContentEditor (342)
[2018.09.21-12.50.42:204][935]LogModuleManager: Shutting down and abandoning module DatasmithContent (340)
[2018.09.21-12.50.42:204][935]LogModuleManager: Shutting down and abandoning module SpeedTreeImporter (338)
[2018.09.21-12.50.42:204][935]LogModuleManager: Shutting down and abandoning module PluginBrowser (336)
[2018.09.21-12.50.42:204][935]LogModuleManager: Shutting down and abandoning module MobileLauncherProfileWizard (334)
[2018.09.21-12.50.42:204][935]LogModuleManager: Shutting down and abandoning module PolygonModeling (332)
[2018.09.21-12.50.42:204][935]LogModuleManager: Shutting down and abandoning module MeshEditor (330)
[2018.09.21-12.50.42:204][935]LogModuleManager: Shutting down and abandoning module CryptoKeysOpenSSL (328)
[2018.09.21-12.50.42:204][935]LogModuleManager: Shutting down and abandoning module CryptoKeys (326)
[2018.09.21-12.50.42:204][935]LogModuleManager: Shutting down and abandoning module VisualStudioSourceCodeAccess (324)
[2018.09.21-12.50.42:204][935]LogModuleManager: Shutting down and abandoning module VisualStudioCodeSourceCodeAccess (322)
[2018.09.21-12.50.42:204][935]LogModuleManager: Shutting down and abandoning module UObjectPlugin (320)
[2018.09.21-12.50.42:204][935]LogModuleManager: Shutting down and abandoning module SubversionSourceControl (318)
[2018.09.21-12.50.42:204][935]LogModuleManager: Shutting down and abandoning module PerforceSourceControl (316)
[2018.09.21-12.50.42:204][935]LogModuleManager: Shutting down and abandoning module GitSourceControl (314)
[2018.09.21-12.50.42:204][935]LogModuleManager: Shutting down and abandoning module SourceControl (313)
[2018.09.21-12.50.42:204][935]LogModuleManager: Shutting down and abandoning module CLionSourceCodeAccess (310)
[2018.09.21-12.50.42:204][935]LogModuleManager: Shutting down and abandoning module LightPropagationVolumeEditor (308)
[2018.09.21-12.50.42:205][935]LogModuleManager: Shutting down and abandoning module PaperTiledImporter (306)
[2018.09.21-12.50.42:205][935]LogModuleManager: Shutting down and abandoning module PaperSpriteSheetImporter (304)
[2018.09.21-12.50.42:205][935]LogModuleManager: Shutting down and abandoning module Paper2DEditor (302)
[2018.09.21-12.50.42:205][935]LogModuleManager: Shutting down and abandoning module MeshPaint (301)
[2018.09.21-12.50.42:205][935]LogModuleManager: Shutting down and abandoning module RuntimePhysXCooking (298)
[2018.09.21-12.50.42:205][935]LogModuleManager: Shutting down and abandoning module PhysXVehiclesEditor (296)
[2018.09.21-12.50.42:205][935]LogModuleManager: Shutting down and abandoning module PhysXVehicles (294)
[2018.09.21-12.50.42:205][935]LogModuleManager: Shutting down and abandoning module OculusEditor (292)
[2018.09.21-12.50.42:205][935]LogModuleManager: Shutting down and abandoning module LocationServicesBPLibrary (290)
[2018.09.21-12.50.42:205][935]LogModuleManager: Shutting down and abandoning module ImmediatePhysicsEditor (288)
[2018.09.21-12.50.42:205][935]LogModuleManager: Shutting down and abandoning module ImmediatePhysics (286)
[2018.09.21-12.50.42:205][935]LogModuleManager: Shutting down and abandoning module ActorSequence (284)
[2018.09.21-12.50.42:205][935]LogModuleManager: Shutting down and abandoning module UdpMessaging (282)
[2018.09.21-12.50.42:306][935]LogModuleManager: Shutting down and abandoning module TcpMessaging (280)
[2018.09.21-12.50.42:407][935]LogModuleManager: Shutting down and abandoning module MagicLeapAudio (278)
[2018.09.21-12.50.42:407][935]LogModuleManager: Shutting down and abandoning module GameplayTagsEditor (276)
[2018.09.21-12.50.42:407][935]LogModuleManager: Shutting down and abandoning module FacialAnimationEditor (274)
[2018.09.21-12.50.42:407][935]LogModuleManager: Shutting down and abandoning module FacialAnimation (272)
[2018.09.21-12.50.42:407][935]LogModuleManager: Shutting down and abandoning module DataValidation (270)
[2018.09.21-12.50.42:407][935]LogModuleManager: Shutting down and abandoning module AssetManagerEditor (268)
[2018.09.21-12.50.42:407][935]LogModuleManager: Shutting down and abandoning module LevelEditor (267)
[2018.09.21-12.50.42:408][935]LogModuleManager: Shutting down and abandoning module PixelInspectorModule (266)
[2018.09.21-12.50.42:408][935]LogModuleManager: Shutting down and abandoning module CommonMenuExtensions (264)
[2018.09.21-12.50.42:408][935]LogModuleManager: Shutting down and abandoning module MainFrame (262)
[2018.09.21-12.50.42:408][935]LogModuleManager: Shutting down and abandoning module HotReload (261)
[2018.09.21-12.50.42:409][935]LogModuleManager: Shutting down and abandoning module ContentBrowser (257)
[2018.09.21-12.50.42:410][935]LogModuleManager: Shutting down and abandoning module TreeMap (255)
[2018.09.21-12.50.42:410][935]LogModuleManager: Shutting down and abandoning module LightPropagationVolumeRuntime (252)
[2018.09.21-12.50.42:410][935]LogModuleManager: Shutting down and abandoning module AISupportModule (250)
[2018.09.21-12.50.42:410][935]LogModuleManager: Shutting down and abandoning module Paper2D (248)
[2018.09.21-12.50.42:410][935]LogModuleManager: Shutting down and abandoning module WindowsMoviePlayer (246)
[2018.09.21-12.50.42:410][935]LogModuleManager: Shutting down and abandoning module WmfMedia (244)
[2018.09.21-12.50.42:410][935]LogModuleManager: Shutting down and abandoning module Media (243)
[2018.09.21-12.50.42:416][935]LogModuleManager: Shutting down and abandoning module PacketHandler (240)
[2018.09.21-12.50.42:416][935]LogModuleManager: Shutting down and abandoning module ClothingSystemEditor (238)
[2018.09.21-12.50.42:416][935]LogModuleManager: Shutting down and abandoning module ClothingSystemRuntime (236)
[2018.09.21-12.50.42:416][935]LogModuleManager: Shutting down and abandoning module MediaAssets (234)
[2018.09.21-12.50.42:416][935]LogModuleManager: Shutting down and abandoning module Overlay (232)
[2018.09.21-12.50.42:417][935]LogModuleManager: Shutting down and abandoning module OverlayEditor (231)
[2018.09.21-12.50.42:417][935]LogModuleManager: Shutting down and abandoning module VREditor (228)
[2018.09.21-12.50.42:417][935]LogModuleManager: Shutting down and abandoning module StringTableEditor (226)
[2018.09.21-12.50.42:417][935]LogModuleManager: Shutting down and abandoning module GameplayTasksEditor (224)
[2018.09.21-12.50.42:417][935]LogModuleManager: Shutting down and abandoning module BehaviorTreeEditor (222)
[2018.09.21-12.50.42:417][935]LogModuleManager: Shutting down and abandoning module FunctionalTesting (220)
[2018.09.21-12.50.42:417][935]LogModuleManager: Shutting down and abandoning module CollisionAnalyzer (218)
[2018.09.21-12.50.42:417][935]LogModuleManager: Shutting down and abandoning module WorkspaceMenuStructure (217)
[2018.09.21-12.50.42:417][935]LogModuleManager: Shutting down and abandoning module UMG (214)
[2018.09.21-12.50.42:417][935]LogModuleManager: Shutting down and abandoning module UMGEditor (213)
[2018.09.21-12.50.42:417][935]LogModuleManager: Shutting down and abandoning module Sequencer (212)
[2018.09.21-12.50.42:417][935]LogModuleManager: Shutting down and abandoning module MessageLog (209)
[2018.09.21-12.50.42:417][935]LogModuleManager: Shutting down and abandoning module SlateReflector (204)
[2018.09.21-12.50.42:417][935]LogModuleManager: Shutting down and abandoning module Slate (202)
[2018.09.21-12.50.42:417][935]LogModuleManager: Shutting down and abandoning module EditorStyle (200)
[2018.09.21-12.50.42:419][935]LogModuleManager: Shutting down and abandoning module MRMesh (198)
[2018.09.21-12.50.42:419][935]LogModuleManager: Shutting down and abandoning module SourceCodeAccess (196)
[2018.09.21-12.50.42:420][935]LogModuleManager: Shutting down and abandoning module HeadMountedDisplay (194)
[2018.09.21-12.50.42:420][935]LogModuleManager: Shutting down and abandoning module XAudio2 (192)
[2018.09.21-12.50.42:420][935]LogModuleManager: Shutting down and abandoning module Networking (190)
[2018.09.21-12.50.42:420][935]LogModuleManager: Shutting down and abandoning module Core (188)
[2018.09.21-12.50.42:420][935]LogModuleManager: Shutting down and abandoning module LevelSequence (186)
[2018.09.21-12.50.42:420][935]LogModuleManager: Shutting down and abandoning module KismetCompiler (184)
[2018.09.21-12.50.42:420][935]LogModuleManager: Shutting down and abandoning module MeshUtilities (182)
[2018.09.21-12.50.42:420][935]LogModuleManager: Shutting down and abandoning module MeshMergeUtilities (181)
[2018.09.21-12.50.42:420][935]LogModuleManager: Shutting down and abandoning module MeshReductionInterface (180)
[2018.09.21-12.50.42:420][935]LogModuleManager: Shutting down and abandoning module SimplygonSwarm (179)
[2018.09.21-12.50.42:420][935]LogModuleManager: Shutting down and abandoning module ProxyLODMeshReduction (177)
[2018.09.21-12.50.42:420][935]LogModuleManager: Shutting down and abandoning module SimplygonMeshReduction (175)
[2018.09.21-12.50.42:420][935]LogModuleManager: Shutting down and abandoning module QuadricMeshReduction (173)
[2018.09.21-12.50.42:420][935]LogModuleManager: Shutting down and abandoning module MaterialBaking (169)
[2018.09.21-12.50.42:420][935]LogModuleManager: Shutting down and abandoning module DirectoryWatcher (165)
[2018.09.21-12.50.42:420][935]LogModuleManager: Shutting down and abandoning module DerivedDataCache (162)
[2018.09.21-12.50.42:474][935]LogDerivedDataCache: Shutdown
[2018.09.21-12.50.42:474][935]LogModuleManager: Shutting down and abandoning module XGEController (160)
[2018.09.21-12.50.42:474][935]LogXGEController: Cleaning working directory: C:/Users/RenTak/AppData/Local/Temp/UnrealXGEWorkingDir/
[2018.09.21-12.50.42:475][935]LogModuleManager: Shutting down and abandoning module TargetPlatform (158)
[2018.09.21-12.50.42:475][935]LogModuleManager: Shutting down and abandoning module VulkanShaderFormat (157)
[2018.09.21-12.50.42:475][935]LogModuleManager: Shutting down and abandoning module ShaderFormatVectorVM (155)
[2018.09.21-12.50.42:475][935]LogModuleManager: Shutting down and abandoning module ShaderFormatOpenGL (153)
[2018.09.21-12.50.42:475][935]LogModuleManager: Shutting down and abandoning module ShaderFormatD3D (151)
[2018.09.21-12.50.42:475][935]LogModuleManager: Shutting down and abandoning module MetalShaderFormat (149)
[2018.09.21-12.50.42:475][935]LogModuleManager: Shutting down and abandoning module TextureFormatUncompressed (147)
[2018.09.21-12.50.42:475][935]LogModuleManager: Shutting down and abandoning module TextureFormatPVR (145)
[2018.09.21-12.50.42:475][935]LogModuleManager: Shutting down and abandoning module TextureFormatDXT (143)
[2018.09.21-12.50.42:475][935]LogModuleManager: Shutting down and abandoning module TextureFormatIntelISPCTexComp (141)
[2018.09.21-12.50.42:475][935]LogModuleManager: Shutting down and abandoning module TextureFormatASTC (139)
[2018.09.21-12.50.42:475][935]LogModuleManager: Shutting down and abandoning module ImageWrapper (138)
[2018.09.21-12.50.42:475][935]LogModuleManager: Shutting down and abandoning module TextureFormatAndroid (135)
[2018.09.21-12.50.42:475][935]LogModuleManager: Shutting down and abandoning module AudioFormatOpus (133)
[2018.09.21-12.50.42:475][935]LogModuleManager: Shutting down and abandoning module AudioFormatOgg (131)
[2018.09.21-12.50.42:475][935]LogModuleManager: Shutting down and abandoning module AudioFormatADPCM (129)
[2018.09.21-12.50.42:475][935]LogModuleManager: Shutting down and abandoning module LuminTargetPlatform (127)
[2018.09.21-12.50.42:475][935]LogModuleManager: Shutting down and abandoning module LinuxTargetPlatform (125)
[2018.09.21-12.50.42:475][935]LogModuleManager: Shutting down and abandoning module LinuxServerTargetPlatform (123)
[2018.09.21-12.50.42:475][935]LogModuleManager: Shutting down and abandoning module LinuxNoEditorTargetPlatform (121)
[2018.09.21-12.50.42:475][935]LogModuleManager: Shutting down and abandoning module LinuxClientTargetPlatform (119)
[2018.09.21-12.50.42:475][935]LogModuleManager: Shutting down and abandoning module TVOSTargetPlatform (117)
[2018.09.21-12.50.42:476][935]LogModuleManager: Shutting down and abandoning module Messaging (115)
[2018.09.21-12.50.42:476][935]LogModuleManager: Shutting down and abandoning module IOSTargetPlatform (113)
[2018.09.21-12.50.42:476][935]LogModuleManager: Shutting down and abandoning module HTML5TargetPlatform (111)
[2018.09.21-12.50.42:476][935]LogModuleManager: Shutting down and abandoning module AndroidTargetPlatform (109)
[2018.09.21-12.50.42:482][935]LogModuleManager: Shutting down and abandoning module WindowsTargetPlatform (107)
[2018.09.21-12.50.42:482][935]LogModuleManager: Shutting down and abandoning module WindowsServerTargetPlatform (105)
[2018.09.21-12.50.42:482][935]LogModuleManager: Shutting down and abandoning module WindowsNoEditorTargetPlatform (103)
[2018.09.21-12.50.42:482][935]LogModuleManager: Shutting down and abandoning module WindowsClientTargetPlatform (101)
[2018.09.21-12.50.42:482][935]LogModuleManager: Shutting down and abandoning module MacTargetPlatform (99)
[2018.09.21-12.50.42:482][935]LogModuleManager: Shutting down and abandoning module MacServerTargetPlatform (97)
[2018.09.21-12.50.42:482][935]LogModuleManager: Shutting down and abandoning module MacNoEditorTargetPlatform (95)
[2018.09.21-12.50.42:482][935]LogModuleManager: Shutting down and abandoning module MacClientTargetPlatform (93)
[2018.09.21-12.50.42:482][935]LogModuleManager: Shutting down and abandoning module AllDesktopTargetPlatform (91)
[2018.09.21-12.50.42:482][935]LogModuleManager: Shutting down and abandoning module InputCore (88)
[2018.09.21-12.50.42:482][935]LogModuleManager: Shutting down and abandoning module Settings (86)
[2018.09.21-12.50.42:483][935]LogModuleManager: Shutting down and abandoning module PhysXCooking (84)
[2018.09.21-12.50.42:483][935]LogModuleManager: Shutting down and abandoning module SteamVR (82)
[2018.09.21-12.50.42:483][935]LogModuleManager: Shutting down and abandoning module OculusHMD (80)
[2018.09.21-12.50.42:483][935]LogModuleManager: Shutting down and abandoning module ExampleDeviceProfileSelector (78)
[2018.09.21-12.50.42:483][935]LogModuleManager: Shutting down and abandoning module LauncherChunkInstaller (76)
[2018.09.21-12.50.42:483][935]LogModuleManager: Shutting down and abandoning module OnlineBlueprintSupport (74)
[2018.09.21-12.50.42:483][935]LogModuleManager: Shutting down and abandoning module OnlineSubsystem (70)
[2018.09.21-12.50.42:483][935]LogModuleManager: Shutting down and abandoning module XMPP (65)
[2018.09.21-12.50.42:483][935]LogModuleManager: Shutting down and abandoning module WebSockets (64)
[2018.09.21-12.50.42:507][935]LogModuleManager: Shutting down and abandoning module HTTP (61)
[2018.09.21-12.50.42:507][935]LogHttp: Display: Http module shutting down, but needs to wait on 2 outstanding Http requests:
[2018.09.21-12.50.42:507][935]LogHttp: Display: 	verb=[POST] url=[https://datarouter.ol.epicgames.com/datarouter/api/v1/public/data?SessionID=%7B5A2669A7-4D6E-39DF-5911-2AB6CCA0414F%7D&AppID=UEEditor.Rocket.Release&AppVersion=4.20.2-4302132%2B%2B%2BUE4%2BRelease-4.20&UserID=81c9af744464cba932bfdcbe7c3a93fc%7C84c3c2056e974c6a8717cd9a98f97865%7C0eb5f8b0-7b45-45ab-8075-511732f82d3c&AppEnvironment=datacollector-binary&UploadType=eteventstream] status=Processing
[2018.09.21-12.50.42:507][935]LogHttp: Display: 	verb=[POST] url=[https://datarouter.ol.epicgames.com/datarouter/api/v1/public/data?SessionID=%7B5A2669A7-4D6E-39DF-5911-2AB6CCA0414F%7D&AppID=UEEditor.Rocket.Release&AppVersion=4.20.2-4302132%2B%2B%2BUE4%2BRelease-4.20&UserID=81c9af744464cba932bfdcbe7c3a93fc%7C84c3c2056e974c6a8717cd9a98f97865%7C0eb5f8b0-7b45-45ab-8075-511732f82d3c&AppEnvironment=datacollector-binary&UploadType=eteventstream] status=Processing
[2018.09.21-12.50.42:524][935]LogModuleManager: Shutting down and abandoning module SSL (60)
[2018.09.21-12.50.42:525][935]LogModuleManager: Shutting down and abandoning module MagicLeapEmulator (56)
[2018.09.21-12.50.42:525][935]LogModuleManager: Shutting down and abandoning module MagicLeapPrivileges (54)
[2018.09.21-12.50.42:525][935]LogModuleManager: Shutting down and abandoning module MagicLeapIdentity (52)
[2018.09.21-12.50.42:525][935]LogModuleManager: Shutting down and abandoning module MagicLeapHelperVulkan (50)
[2018.09.21-12.50.42:525][935]LogModuleManager: Shutting down and abandoning module MagicLeapHelperOpenGL (48)
[2018.09.21-12.50.42:525][935]LogModuleManager: Shutting down and abandoning module MagicLeapSecureStorage (46)
[2018.09.21-12.50.42:525][935]LogModuleManager: Shutting down and abandoning module MagicLeapGestures (44)
[2018.09.21-12.50.42:525][935]LogModuleManager: Shutting down and abandoning module MagicLeapEyeTracker (42)
[2018.09.21-12.50.42:525][935]LogModuleManager: Shutting down and abandoning module MagicLeapController (40)
[2018.09.21-12.50.42:525][935]LogSlate: Slate User Destroyed.  User Index 0, Is Virtual User: 0
[2018.09.21-12.50.42:525][935]LogModuleManager: Shutting down and abandoning module MagicLeap (38)
[2018.09.21-12.50.42:525][935]LogModuleManager: Shutting down and abandoning module AnimationModifiers (36)
[2018.09.21-12.50.42:525][935]LogModuleManager: Shutting down and abandoning module PropertyEditor (35)
[2018.09.21-12.50.42:525][935]LogModuleManager: Shutting down and abandoning module AudioEditor (32)
[2018.09.21-12.50.42:525][935]LogModuleManager: Shutting down and abandoning module TextureCompressor (30)
[2018.09.21-12.50.42:525][935]LogModuleManager: Shutting down and abandoning module ShaderCore (28)
[2018.09.21-12.50.42:525][935]LogModuleManager: Shutting down and abandoning module Landscape (26)
[2018.09.21-12.50.42:525][935]LogModuleManager: Shutting down and abandoning module SlateRHIRenderer (24)
[2018.09.21-12.50.42:526][935]LogModuleManager: Shutting down and abandoning module OpenGLDrv (22)
[2018.09.21-12.50.42:526][935]LogModuleManager: Shutting down and abandoning module D3D11RHI (20)
[2018.09.21-12.50.42:526][935]LogModuleManager: Shutting down and abandoning module AnimGraphRuntime (18)
[2018.09.21-12.50.42:526][935]LogModuleManager: Shutting down and abandoning module Renderer (16)
[2018.09.21-12.50.42:526][935]LogModuleManager: Shutting down and abandoning module Engine (14)
[2018.09.21-12.50.42:526][935]LogModuleManager: Shutting down and abandoning module CoreUObject (12)
[2018.09.21-12.50.42:526][935]LogModuleManager: Shutting down and abandoning module NetworkFile (10)
[2018.09.21-12.50.42:526][935]LogModuleManager: Shutting down and abandoning module CookedIterativeFile (8)
[2018.09.21-12.50.42:526][935]LogModuleManager: Shutting down and abandoning module StreamingFile (6)
[2018.09.21-12.50.42:526][935]LogModuleManager: Shutting down and abandoning module SandboxFile (4)
[2018.09.21-12.50.42:526][935]LogModuleManager: Shutting down and abandoning module PakFile (2)
[2018.09.21-12.50.42:531][935]LogExit: Exiting.
[2018.09.21-12.50.42:542][935]Log file closed, 09/21/18 15:50:42
