Log file open, 09/20/18 12:50:01
LogWindows: Failed to load 'aqProf.dll' (GetLastError=126)
LogWindows: File 'aqProf.dll' does not exist
LogWindows: Failed to load 'VSPerf140.dll' (GetLastError=126)
LogWindows: File 'VSPerf140.dll' does not exist
LogWindows: Failed to load 'VtuneApi.dll' (GetLastError=126)
LogWindows: File 'VtuneApi.dll' does not exist
LogWindows: Failed to load 'VtuneApi32e.dll' (GetLastError=126)
LogWindows: File 'VtuneApi32e.dll' does not exist
LogInit: Display: Running engine for game: Mypaper2DGame
LogPlatformFile: Not using cached read wrapper
LogTaskGraph: Started task graph with 5 named threads and 23 total threads with 3 sets of task threads.
LogStats: Stats thread started at 0.271190
LogD3D11RHI: Loaded GFSDK_Aftermath_Lib.x64.dll
LogICUInternationalization: Display: ICU TimeZone Detection - Raw Offset: +2:00, Platform Override: ''
LogPluginManager: Mounting plugin AISupport
LogPluginManager: Mounting plugin LightPropagationVolume
LogPluginManager: Mounting plugin CLionSourceCodeAccess
LogPluginManager: Mounting plugin CodeLiteSourceCodeAccess
LogPluginManager: Mounting plugin GitSourceControl
LogPluginManager: Mounting plugin KDevelopSourceCodeAccess
LogPluginManager: Mounting plugin NullSourceCodeAccess
LogPluginManager: Mounting plugin PerforceSourceControl
LogPluginManager: Mounting plugin SubversionSourceControl
LogPluginManager: Mounting plugin UObjectPlugin
LogPluginManager: Mounting plugin VisualStudioCodeSourceCodeAccess
LogPluginManager: Mounting plugin VisualStudioSourceCodeAccess
LogPluginManager: Mounting plugin XCodeSourceCodeAccess
LogPluginManager: Mounting plugin AssetManagerEditor
LogPluginManager: Mounting plugin CryptoKeys
LogPluginManager: Mounting plugin DataValidation
LogPluginManager: Mounting plugin FacialAnimation
LogPluginManager: Mounting plugin GameplayTagsEditor
LogPluginManager: Mounting plugin MacGraphicsSwitching
LogPluginManager: Mounting plugin MeshEditor
LogPluginManager: Mounting plugin MobileLauncherProfileWizard
LogPluginManager: Mounting plugin PluginBrowser
LogPluginManager: Mounting plugin SpeedTreeImporter
LogPluginManager: Mounting plugin DatasmithContent
LogPluginManager: Mounting plugin AlembicImporter
LogPluginManager: Mounting plugin AppleImageUtils
LogPluginManager: Mounting plugin AppleVision
LogPluginManager: Mounting plugin BackChannel
LogPluginManager: Mounting plugin CharacterAI
LogPluginManager: Mounting plugin GeometryCache
LogPluginManager: Mounting plugin HTML5Networking
LogPluginManager: Mounting plugin ProxyLODPlugin
LogPluginManager: Mounting plugin MagicLeap
LogPluginManager: Mounting plugin MagicLeapEmulator
LogPluginManager: Mounting plugin MagicLeapMedia
LogPluginManager: Mounting plugin AndroidMedia
LogPluginManager: Mounting plugin AvfMedia
LogPluginManager: Mounting plugin ImgMedia
LogPluginManager: Mounting plugin LinearTimecode
LogPluginManager: Mounting plugin MediaCompositing
LogPluginManager: Mounting plugin MediaPlayerEditor
LogPluginManager: Mounting plugin WmfMedia
LogPluginManager: Mounting plugin TcpMessaging
LogPluginManager: Mounting plugin UdpMessaging
LogPluginManager: Mounting plugin ActorSequence
LogPluginManager: Mounting plugin LevelSequenceEditor
LogPluginManager: Mounting plugin MatineeToLevelSequence
LogPluginManager: Mounting plugin NetcodeUnitTest
LogPluginManager: Mounting plugin NUTUnrealEngine4
LogPluginManager: Mounting plugin OnlineSubsystemGooglePlay
LogPluginManager: Mounting plugin OnlineSubsystemIOS
LogPluginManager: Mounting plugin OnlineSubsystem
LogPluginManager: Mounting plugin OnlineSubsystemNull
LogPluginManager: Mounting plugin OnlineSubsystemUtils
LogPluginManager: Mounting plugin LauncherChunkInstaller
LogPluginManager: Mounting plugin AndroidDeviceProfileSelector
LogPluginManager: Mounting plugin AndroidMoviePlayer
LogPluginManager: Mounting plugin AndroidPermission
LogPluginManager: Mounting plugin AppleMoviePlayer
LogPluginManager: Mounting plugin ArchVisCharacter
LogPluginManager: Mounting plugin AudioCapture
LogPluginManager: Mounting plugin CableComponent
LogPluginManager: Mounting plugin CustomMeshComponent
LogPluginManager: Mounting plugin EditableMesh
LogPluginManager: Mounting plugin ExampleDeviceProfileSelector
LogPluginManager: Mounting plugin GoogleCloudMessaging
LogPluginManager: Mounting plugin ImmediatePhysics
LogPluginManager: Mounting plugin IOSDeviceProfileSelector
LogPluginManager: Mounting plugin LinuxDeviceProfileSelector
LogPluginManager: Mounting plugin LocationServicesBPLibrary
LogPluginManager: Mounting plugin MobilePatchingUtils
LogPluginManager: Mounting plugin OculusVR
LogPluginManager: Plugin shader directory ../../../Engine/Plugins/Runtime/Oculus/OculusVR/Shaders found
LogPluginManager: Mapping shader source directory ../../../Engine/Plugins/Runtime/Oculus/OculusVR/Shaders to virtual directory /Plugin/OculusVR
LogPluginManager: Mounting plugin PhysXVehicles
LogPluginManager: Mounting plugin ProceduralMeshComponent
LogPluginManager: Mounting plugin RuntimePhysXCooking
LogPluginManager: Mounting plugin SteamVR
LogPluginManager: Mounting plugin WindowsMoviePlayer
LogStreaming: Display: Took  0.093s to configure plugins.
LogInit: Using libcurl 7.55.1-DEV
LogInit:  - built for x86_64-pc-win32
LogInit:  - supports SSL with OpenSSL/1.0.2h
LogInit:  - supports HTTP deflate (compression) using libz 1.2.8
LogInit:  - other features:
LogInit:      CURL_VERSION_SSL
LogInit:      CURL_VERSION_LIBZ
LogInit:      CURL_VERSION_IPV6
LogInit:      CURL_VERSION_ASYNCHDNS
LogInit:      CURL_VERSION_LARGEFILE
LogInit:      CURL_VERSION_IDN
LogInit:  CurlRequestOptions (configurable via config and command line):
LogInit:  - bVerifyPeer = false  - Libcurl will NOT verify peer certificate
LogInit:  - bUseHttpProxy = false  - Libcurl will NOT use HTTP proxy
LogInit:  - bDontReuseConnections = false  - Libcurl will reuse connections
LogInit:  - CertBundlePath = nullptr  - Libcurl will use whatever was configured at build time.
LogInit:  - MaxHostConnections = 16  - Libcurl will limit the number of connections to a host
LogInit:  - LocalHostAddr = Default
LogInit:  - BufferSize = 65536
LogInit: WinSock: version 1.1 (2.2), MaxSocks=32767, MaxUdp=65467
LogInit: Build: ++UE4+Release-4.20-CL-4302132
LogInit: Engine Version: 4.20.2-4302132+++UE4+Release-4.20
LogInit: Compatible Engine Version: 4.20.0-4212847+++UE4+Release-4.20
LogInit: Net CL: 4212847
LogInit: OS: Windows 10 (), CPU: Intel(R) Core(TM) i7-6700 CPU @ 3.40GHz, GPU: NVIDIA GeForce GT 730
LogInit: Compiled (64-bit): Aug 21 2018 02:06:06
LogInit: Compiled with Visual C++: 19.13.26129.00
LogInit: Build Configuration: Development
LogInit: Branch Name: ++UE4+Release-4.20
LogInit: Command Line:  
LogInit: Base Directory: C:/Program Files/Epic Games/UE_4.20/Engine/Binaries/Win64/
LogInit: Installed Engine Build: 1
LogDevObjectVersion: Number of dev versions registered: 20
LogDevObjectVersion:   Dev-Blueprints (B0D832E4-1F89-4F0D-ACCF-7EB736FD4AA2): 10
LogDevObjectVersion:   Dev-Build (E1C64328-A22C-4D53-A36C-8E866417BD8C): 0
LogDevObjectVersion:   Dev-Core (375EC13C-06E4-48FB-B500-84F0262A717E): 2
LogDevObjectVersion:   Dev-Editor (E4B068ED-F494-42E9-A231-DA0B2E46BB41): 24
LogDevObjectVersion:   Dev-Framework (CFFC743F-43B0-4480-9391-14DF171D2073): 34
LogDevObjectVersion:   Dev-Mobile (B02B49B5-BB20-44E9-A304-32B752E40360): 2
LogDevObjectVersion:   Dev-Networking (A4E4105C-59A1-49B5-A7C5-40C4547EDFEE): 0
LogDevObjectVersion:   Dev-Online (39C831C9-5AE6-47DC-9A44-9C173E1C8E7C): 0
LogDevObjectVersion:   Dev-Physics (78F01B33-EBEA-4F98-B9B4-84EACCB95AA2): 0
LogDevObjectVersion:   Dev-Platform (6631380F-2D4D-43E0-8009-CF276956A95A): 0
LogDevObjectVersion:   Dev-Rendering (12F88B9F-8875-4AFC-A67C-D90C383ABD29): 26
LogDevObjectVersion:   Dev-Sequencer (7B5AE74C-D270-4C10-A958-57980B212A5A): 9
LogDevObjectVersion:   Dev-VR (D7296918-1DD6-4BDD-9DE2-64A83CC13884): 2
LogDevObjectVersion:   Dev-LoadTimes (C2A15278-BFE7-4AFE-6C17-90FF531DF755): 1
LogDevObjectVersion:   Private-Geometry (6EACA3D4-40EC-4CC1-B786-8BED09428FC5): 3
LogDevObjectVersion:   Dev-AnimPhys (29E575DD-E0A3-4627-9D10-D276232CDCEA): 17
LogDevObjectVersion:   Dev-ReflectionCapture (6B266CEC-1EC7-4B8F-A30B-E4D90942FC07): 1
LogDevObjectVersion:   Dev-Automation (0DF73D61-A23F-47EA-B727-89E90C41499A): 1
LogDevObjectVersion:   FortniteMain (601D1886-AC64-4F84-AA16-D3DE0DEAC7D6): 12
LogDevObjectVersion:   Dev-Enterprise (9DFFBCD6-494F-0158-E221-12823C92A888): 1
LogStreaming: Display: Took  0.000s to delete old logs.
LogInit: Presizing for max 8388607 objects, including 0 objects not considered by GC, pre-allocating 0 bytes for permanent pool.
LogInit: Object subsystem initialized
[2018.09.20-09.50.02:096][  0]LogInit: Selected Device Profile: [Windows]
[2018.09.20-09.50.02:096][  0]LogInit: Applying CVar settings loaded from the selected device profile: [Windows]
[2018.09.20-09.50.02:103][  0]LogHAL: Display: Platform has ~ 16 GB [17054351360 / 17179869184 / 16], which maps to Larger [LargestMinGB=32, LargerMinGB=12, DefaultMinGB=8, SmallerMinGB=6, SmallestMinGB=0)
[2018.09.20-09.50.02:103][  0]LogInit: Setting Device Profile CVar: [[r.Vulkan.UseRealUBs:1]]
[2018.09.20-09.50.02:103][  0]LogInit: Going up to parent DeviceProfile []
[2018.09.20-09.50.02:103][  0]LogInit: Computer: AOTA1-1L141-16D
[2018.09.20-09.50.02:103][  0]LogInit: User: RenTak
[2018.09.20-09.50.02:103][  0]LogInit: CPU Page size=4096, Cores=4
[2018.09.20-09.50.02:103][  0]LogInit: High frequency timer resolution =3.328130 MHz
[2018.09.20-09.50.02:103][  0]LogMemory: Memory total: Physical=15.9GB (16GB approx)
[2018.09.20-09.50.02:103][  0]LogMemory: Platform Memory Stats for Windows
[2018.09.20-09.50.02:103][  0]LogMemory: Process Physical Memory: 100.03 MB used, 100.03 MB peak
[2018.09.20-09.50.02:103][  0]LogMemory: Process Virtual Memory: 91.33 MB used, 91.33 MB peak
[2018.09.20-09.50.02:103][  0]LogMemory: Physical Memory: 7379.83 MB used,  8884.46 MB free, 16264.30 MB total
[2018.09.20-09.50.02:103][  0]LogMemory: Virtual Memory: 497.71 MB used,  8884.46 MB free, 134217728.00 MB total
[2018.09.20-09.50.02:117][  0]LogInit: Overriding language with editor language configuration option (ja).
[2018.09.20-09.50.02:117][  0]LogInit: Overriding locale with editor locale configuration option (ja).
[2018.09.20-09.50.02:400][  0]LogStreaming: Display: Took  0.283s to InitEngineTextLocalization.
[2018.09.20-09.50.02:400][  0]LogInit: Setting process to per monitor DPI aware
[2018.09.20-09.50.02:437][  0]LogSlate: New Slate User Created.  User Index 0, Is Virtual User: 0
[2018.09.20-09.50.02:437][  0]LogSlate: Slate User Registered.  User Index 0, Is Virtual User: 0
[2018.09.20-09.50.02:589][  0]LogHMD: Failed to initialize OpenVR with code 110
[2018.09.20-09.50.02:589][  0]LogD3D11RHI: D3D11 adapters:
[2018.09.20-09.50.02:628][  0]LogD3D11RHI:    0. 'NVIDIA GeForce GT 730' (Feature Level 11_0)
[2018.09.20-09.50.02:628][  0]LogD3D11RHI:       2018/0/8132 MB DedicatedVideo/DedicatedSystem/SharedSystem, Outputs:2, VendorId:0x10de
[2018.09.20-09.50.02:635][  0]LogD3D11RHI:    1. 'Intel(R) HD Graphics 530' (Feature Level 11_0)
[2018.09.20-09.50.02:635][  0]LogD3D11RHI:       128/0/8132 MB DedicatedVideo/DedicatedSystem/SharedSystem, Outputs:0, VendorId:0x8086
[2018.09.20-09.50.02:637][  0]LogD3D11RHI:    2. 'Microsoft Basic Render Driver' (Feature Level 11_0)
[2018.09.20-09.50.02:637][  0]LogD3D11RHI:       0/0/8132 MB DedicatedVideo/DedicatedSystem/SharedSystem, Outputs:0, VendorId:0x1414
[2018.09.20-09.50.02:637][  0]LogD3D11RHI: Chosen D3D11 Adapter: 0
[2018.09.20-09.50.02:642][  0]LogD3D11RHI: Creating new Direct3DDevice
[2018.09.20-09.50.02:642][  0]LogD3D11RHI:     GPU DeviceId: 0x1287 (for the marketing name, search the web for "GPU Device Id")
[2018.09.20-09.50.02:642][  0]LogWindows: EnumDisplayDevices:
[2018.09.20-09.50.02:642][  0]LogWindows:    0. 'NVIDIA GeForce GT 730' (P:1 D:1)
[2018.09.20-09.50.02:643][  0]LogWindows:    1. 'NVIDIA GeForce GT 730' (P:0 D:1)
[2018.09.20-09.50.02:643][  0]LogWindows:    2. 'NVIDIA GeForce GT 730' (P:0 D:0)
[2018.09.20-09.50.02:643][  0]LogWindows:    3. 'NVIDIA GeForce GT 730' (P:0 D:0)
[2018.09.20-09.50.02:643][  0]LogWindows:    4. 'Intel(R) HD Graphics 530' (P:0 D:0)
[2018.09.20-09.50.02:643][  0]LogWindows:    5. 'Intel(R) HD Graphics 530' (P:0 D:0)
[2018.09.20-09.50.02:643][  0]LogWindows:    6. 'Intel(R) HD Graphics 530' (P:0 D:0)
[2018.09.20-09.50.02:643][  0]LogWindows: DebugString: PrimaryIsNotTheChoosenAdapter PrimaryIsNotTheChoosenAdapter PrimaryIsNotTheChoosenAdapter FoundDriverCount:4 
[2018.09.20-09.50.02:643][  0]LogD3D11RHI:     Adapter Name: NVIDIA GeForce GT 730
[2018.09.20-09.50.02:643][  0]LogD3D11RHI:   Driver Version: 382.98 (internal:22.21.13.8298, unified:382.98)
[2018.09.20-09.50.02:643][  0]LogD3D11RHI:      Driver Date: 8-17-2017
[2018.09.20-09.50.02:643][  0]LogRHI: Texture pool is 1413 MB (70% of 2018 MB)
[2018.09.20-09.50.02:672][  0]LogD3D11RHI: Async texture creation enabled
[2018.09.20-09.50.02:683][  0]LogD3D11RHI: GPU Timing Frequency: 1000.000000 (Debug: 2 1)
[2018.09.20-09.50.02:726][  0]LogShaderCompilers: Guid format shader working directory is -23 characters bigger than the processId version (../../../../../../Users/RenTak/Documents/Unreal Projects/Mypaper2DGame/Intermediate/Shaders/WorkingDirectory/9724/).
[2018.09.20-09.50.02:726][  0]LogShaderCompilers: Cleaned the shader compiler working directory 'C:/Users/RenTak/AppData/Local/Temp/UnrealShaderWorkingDir/4DE024D24445C387A4DE87A4BF9B2D9D/'.
[2018.09.20-09.50.02:987][  0]LogTemp: Display: Loaded TP AllDesktopTargetPlatform
[2018.09.20-09.50.02:999][  0]LogTemp: Display: Loaded TP MacClientTargetPlatform
[2018.09.20-09.50.03:014][  0]LogTemp: Display: Loaded TP MacNoEditorTargetPlatform
[2018.09.20-09.50.03:027][  0]LogTemp: Display: Loaded TP MacServerTargetPlatform
[2018.09.20-09.50.03:041][  0]LogTemp: Display: Loaded TP MacTargetPlatform
[2018.09.20-09.50.03:052][  0]LogTemp: Display: Loaded TP WindowsClientTargetPlatform
[2018.09.20-09.50.03:065][  0]LogTemp: Display: Loaded TP WindowsNoEditorTargetPlatform
[2018.09.20-09.50.03:080][  0]LogTemp: Display: Loaded TP WindowsServerTargetPlatform
[2018.09.20-09.50.03:085][  0]LogTemp: Display: Loaded TP WindowsTargetPlatform
[2018.09.20-09.50.03:154][  0]LogTemp: Display: Loaded TP AndroidTargetPlatform
[2018.09.20-09.50.03:154][  0]LogTemp: Display: Loaded TP AndroidTargetPlatform
[2018.09.20-09.50.03:154][  0]LogTemp: Display: Loaded TP AndroidTargetPlatform
[2018.09.20-09.50.03:154][  0]LogTemp: Display: Loaded TP AndroidTargetPlatform
[2018.09.20-09.50.03:154][  0]LogTemp: Display: Loaded TP AndroidTargetPlatform
[2018.09.20-09.50.03:154][  0]LogTemp: Display: Loaded TP AndroidTargetPlatform
[2018.09.20-09.50.03:154][  0]LogTemp: Display: Loaded TP AndroidTargetPlatform
[2018.09.20-09.50.03:154][  0]LogTemp: Display: Loaded TP AndroidTargetPlatform
[2018.09.20-09.50.03:154][  0]LogTemp: Display: Loaded TP AndroidTargetPlatform
[2018.09.20-09.50.03:154][  0]LogTemp: Display: Loaded TP AndroidTargetPlatform
[2018.09.20-09.50.03:154][  0]LogTemp: Display: Loaded TP AndroidTargetPlatform
[2018.09.20-09.50.03:154][  0]LogTemp: Display: Loaded TP AndroidTargetPlatform
[2018.09.20-09.50.03:154][  0]LogTemp: Display: Loaded TP AndroidTargetPlatform
[2018.09.20-09.50.03:154][  0]LogTemp: Display: Loaded TP AndroidTargetPlatform
[2018.09.20-09.50.03:154][  0]LogTemp: Display: Loaded TP AndroidTargetPlatform
[2018.09.20-09.50.03:154][  0]LogTemp: Display: Loaded TP AndroidTargetPlatform
[2018.09.20-09.50.03:154][  0]LogTemp: Display: Loaded TP AndroidTargetPlatform
[2018.09.20-09.50.03:154][  0]LogTemp: Display: Loaded TP AndroidTargetPlatform
[2018.09.20-09.50.03:155][  0]LogTemp: Display: Loaded TP HTML5TargetPlatform
[2018.09.20-09.50.03:215][  0]LogTemp: Display: Loaded TP IOSTargetPlatform
[2018.09.20-09.50.03:215][  0]LogTemp: Display: Loaded TP IOSTargetPlatform
[2018.09.20-09.50.03:241][  0]LogTemp: Display: Loaded TP TVOSTargetPlatform
[2018.09.20-09.50.03:241][  0]LogTemp: Display: Loaded TP TVOSTargetPlatform
[2018.09.20-09.50.03:252][  0]LogTemp: Display: Loaded TP LinuxClientTargetPlatform
[2018.09.20-09.50.03:263][  0]LogTemp: Display: Loaded TP LinuxNoEditorTargetPlatform
[2018.09.20-09.50.03:276][  0]LogTemp: Display: Loaded TP LinuxServerTargetPlatform
[2018.09.20-09.50.03:293][  0]LogTemp: Display: Loaded TP LinuxTargetPlatform
[2018.09.20-09.50.03:302][  0]LogTemp: Display: Loaded TP LuminTargetPlatform
[2018.09.20-09.50.03:302][  0]LogTargetPlatformManager: Display: Building Assets For Windows
[2018.09.20-09.50.03:351][  0]LogXGEController: Cannot use XGE Controller as Incredibuild is not installed on this machine.
[2018.09.20-09.50.03:351][  0]LogShaderCompilers: Cannot use XGE Shader Compiler as Incredibuild is not installed on this machine.
[2018.09.20-09.50.03:351][  0]LogShaderCompilers: Display: Using Local Shader Compiler.
[2018.09.20-09.50.03:992][  0]LogDerivedDataCache: Display: Max Cache Size: 512 MB
[2018.09.20-09.50.04:058][  0]LogDerivedDataCache: Loaded boot cache 0.07s 71MB C:/Users/RenTak/AppData/Local/UnrealEngine/4.20/DerivedDataCache/Boot.ddc.
[2018.09.20-09.50.04:059][  0]LogDerivedDataCache: Display: Loaded Boot cache: C:/Users/RenTak/AppData/Local/UnrealEngine/4.20/DerivedDataCache/Boot.ddc
[2018.09.20-09.50.04:059][  0]LogDerivedDataCache: FDerivedDataBackendGraph:  Pak pak cache file ../../../../../../Users/RenTak/Documents/Unreal Projects/Mypaper2DGame/DerivedDataCache/DDC.ddp not found, will not use a pak cache.
[2018.09.20-09.50.04:059][  0]LogDerivedDataCache: Unable to find inner node Pak for hierarchical cache Hierarchy.
[2018.09.20-09.50.04:059][  0]LogDerivedDataCache: FDerivedDataBackendGraph:  CompressedPak pak cache file ../../../../../../Users/RenTak/Documents/Unreal Projects/Mypaper2DGame/DerivedDataCache/Compressed.ddp not found, will not use a pak cache.
[2018.09.20-09.50.04:059][  0]LogDerivedDataCache: Unable to find inner node CompressedPak for hierarchical cache Hierarchy.
[2018.09.20-09.50.04:070][  0]LogDerivedDataCache: Display: Pak cache opened for reading ../../../Engine/DerivedDataCache/Compressed.ddp.
[2018.09.20-09.50.04:083][  0]LogDerivedDataCache: Using Local data cache path C:/Users/RenTak/AppData/Local/UnrealEngine/Common/DerivedDataCache: Writable
[2018.09.20-09.50.04:083][  0]LogDerivedDataCache: Shared data cache path not found in *engine.ini, will not use an Shared cache.
[2018.09.20-09.50.04:083][  0]LogDerivedDataCache: Unable to find inner node Shared for hierarchical cache Hierarchy.
[2018.09.20-09.50.04:101][  0]LogMaterial: Verifying Global Shaders for PCD3D_SM5
[2018.09.20-09.50.04:102][  0]LogSlate: Using FreeType 2.6.0
[2018.09.20-09.50.04:102][  0]LogSlate: SlateFontServices - WITH_FREETYPE: 1, WITH_HARFBUZZ: 1
[2018.09.20-09.50.04:170][  0]LogAssetRegistry: FAssetRegistry took 0.0256 seconds to start up
[2018.09.20-09.50.04:433][  0]LogInit: Selected Device Profile: [Windows]
[2018.09.20-09.50.04:481][  0]LogSimplygon: Simplygon DLL not present - disabling.
[2018.09.20-09.50.04:484][  0]LogMeshReduction: Using SimplygonSwarm for distributed automatic mesh merging
[2018.09.20-09.50.04:484][  0]LogMeshReduction: Using ProxyLODMeshReduction for automatic mesh merging
[2018.09.20-09.50.04:484][  0]LogMeshReduction: Using QuadricMeshReduction for automatic static mesh reduction
[2018.09.20-09.50.04:484][  0]LogMeshReduction: No automatic skeletal mesh reduction module available
[2018.09.20-09.50.04:573][  0]LogNetVersion: Mypaper2DGame 1.0.0, NetCL: 4212847, EngineNetVer: 5, GameNetVer: 0 (Checksum: 2135412584)
[2018.09.20-09.50.04:986][  0]LogPackageLocalizationCache: Processed 10 localized package path(s) for 1 prioritized culture(s) in 0.043292 seconds
[2018.09.20-09.50.04:992][  0]LogUObjectArray: 38425 objects as part of root set at end of initial load.
[2018.09.20-09.50.04:992][  0]LogUObjectAllocator: 6690872 out of 0 bytes used by permanent object pool.
[2018.09.20-09.50.04:992][  0]LogUObjectArray: CloseDisregardForGC: 0/0 objects in disregard for GC pool
[2018.09.20-09.50.05:688][  0]LogTcpMessaging: Initializing TcpMessaging bridge
[2018.09.20-09.50.05:704][  0]LogUdpMessaging: Initializing bridge on interface 0.0.0.0:0 to multicast group 230.0.0.1:6666.
[2018.09.20-09.50.05:841][  0]SourceControl: ソースコントロールは無効です
[2018.09.20-09.50.05:841][  0]SourceControl: ソースコントロールは無効です
[2018.09.20-09.50.05:842][  0]SourceControl: ソースコントロールは無効です
[2018.09.20-09.50.05:843][  0]SourceControl: ソースコントロールは無効です
[2018.09.20-09.50.06:020][  0]LogAndroidPermission: UAndroidPermissionCallbackProxy::GetInstance
[2018.09.20-09.50.06:073][  0]LogOcInput: OculusInput pre-init called
[2018.09.20-09.50.06:128][  0]LogEngine: Initializing Engine...
[2018.09.20-09.50.06:129][  0]LogHMD: Failed to initialize OpenVR with code 110
[2018.09.20-09.50.06:130][  0]LogStats: UGameplayTagsManager::ConstructGameplayTagTree: ImportINI prefixes -  0.000 s
[2018.09.20-09.50.06:130][  0]LogStats: UGameplayTagsManager::ConstructGameplayTagTree: Construct from data asset -  0.000 s
[2018.09.20-09.50.06:130][  0]LogStats: UGameplayTagsManager::ConstructGameplayTagTree: ImportINI -  0.000 s
[2018.09.20-09.50.06:130][  0]LogStats: UGameplayTagsManager::ConstructGameplayTagTree: GameplayTagTreeChangedEvent.Broadcast -  0.000 s
[2018.09.20-09.50.06:328][  0]LogInit: Initializing FReadOnlyCVARCache
[2018.09.20-09.50.06:337][  0]LogAIModule: Creating AISystem for world Untitled
[2018.09.20-09.50.06:355][  0]LogInit: XAudio2 using 'Speakers (Realtek High Definition Audio)' : 2 channels at 48 kHz using 32 bits per sample (channel mask 0x3)
[2018.09.20-09.50.06:389][  0]LogInit: FAudioDevice initialized.
[2018.09.20-09.50.06:389][  0]LogNetVersion: Set ProjectVersion to 1.0.0.0. Version Checksum will be recalculated on next use.
[2018.09.20-09.50.06:478][  0]LogDerivedDataCache: Saved boot cache 0.09s 71MB C:/Users/RenTak/AppData/Local/UnrealEngine/4.20/DerivedDataCache/Boot.ddc.
[2018.09.20-09.50.06:479][  0]LogInit: Texture streaming: Enabled
[2018.09.20-09.50.06:494][  0]LogEngineSessionManager: EngineSessionManager initialized
[2018.09.20-09.50.06:503][  0]LogInit: Transaction tracking system initialized
[2018.09.20-09.50.06:521][  0]BlueprintLog: New page: エディタの読み込み
[2018.09.20-09.50.06:583][  0]LocalizationService: ローカライズのサービスが無効になりました
[2018.09.20-09.50.06:811][  0]LogCook: Display: Max memory allowance for cook 16384mb min free memory 0mb
[2018.09.20-09.50.06:811][  0]LogCook: Display: Mobile HDR setting 1
[2018.09.20-09.50.06:811][  0]LogGameplayTags: Display: UGameplayTagsManager::DoneAddingNativeTags. DelegateIsBound: 0
[2018.09.20-09.50.06:811][  0]LogStats: UGameplayTagsManager::ConstructGameplayTagTree: ImportINI prefixes -  0.000 s
[2018.09.20-09.50.06:811][  0]LogStats: UGameplayTagsManager::ConstructGameplayTagTree: Construct from data asset -  0.000 s
[2018.09.20-09.50.06:812][  0]LogFileCache: Scanning file cache for directory 'C:/Users/RenTak/Documents/Unreal Projects/Mypaper2DGame/Content/' took 0.01s
[2018.09.20-09.50.06:812][  0]LogStats: UGameplayTagsManager::ConstructGameplayTagTree: ImportINI -  0.000 s
[2018.09.20-09.50.06:812][  0]LogStats: UGameplayTagsManager::ConstructGameplayTagTree: GameplayTagTreeChangedEvent.Broadcast -  0.000 s
[2018.09.20-09.50.06:912][  0]SourceControl: ソースコントロールは無効です
[2018.09.20-09.50.06:912][  0]Cmd: MAP LOAD FILE="../../../Engine/Content/Maps/Templates/Template_Default.umap" TEMPLATE=1 SHOWPROGRESS=1 FEATURELEVEL=3
[2018.09.20-09.50.06:913][  0]LightingResults: New page: ライティングのビルド
[2018.09.20-09.50.06:915][  0]MapCheck: New page: マップをチェック
[2018.09.20-09.50.06:915][  0]LightingResults: New page: <何も選択されていません>
[2018.09.20-09.50.07:087][  0]LogAIModule: Creating AISystem for world Untitled_1
[2018.09.20-09.50.07:093][  0]LogEditorServer: Finished looking for orphan Actors (0.000 secs)
[2018.09.20-09.50.07:113][  0]Cmd: MAP CHECKDEP NOCLEARLOG
[2018.09.20-09.50.07:159][  0]MapCheck: マップチェックが完了: 0 エラー、 0 警告、完了に 45.734ミリ秒かかりました。
[2018.09.20-09.50.07:159][  0]LogFileHelpers: Loading map 'Template_Default' took 0.247
[2018.09.20-09.50.07:236][  0]LogWindowsTextInputMethodSystem: Display: IME system now activated using TSF (Microsoft IME).
[2018.09.20-09.50.07:268][  0]LogSlate: Updating window title bar state: overlay mode, drag disabled, window buttons hidden, title bar hidden
[2018.09.20-09.50.07:276][  0]LogSlate: Updating window title bar state: overlay mode, drag disabled, window buttons hidden, title bar hidden
[2018.09.20-09.50.07:283][  0]LogSlate: Updating window title bar state: overlay mode, drag disabled, window buttons hidden, title bar hidden
[2018.09.20-09.50.07:289][  0]LogSlate: Updating window title bar state: overlay mode, drag disabled, window buttons hidden, title bar hidden
[2018.09.20-09.50.07:295][  0]LogCollectionManager: Loaded 0 collections in 0.001172 seconds
[2018.09.20-09.50.07:336][  0]LogFileCache: Scanning file cache for directory 'C:/Users/RenTak/Documents/Unreal Projects/Mypaper2DGame/Saved/Collections/' took 0.01s
[2018.09.20-09.50.07:337][  0]LogFileCache: Scanning file cache for directory 'C:/Users/RenTak/Documents/Unreal Projects/Mypaper2DGame/Content/Developers/RenTak/Collections/' took 0.01s
[2018.09.20-09.50.07:337][  0]LogFileCache: Scanning file cache for directory 'C:/Users/RenTak/Documents/Unreal Projects/Mypaper2DGame/Content/Collections/' took 0.01s
[2018.09.20-09.50.07:337][  0]LogCollectionManager: Rebuilt the GUID cache for 0 collections in 0.000000 seconds
[2018.09.20-09.50.07:345][  0]LogContentBrowser: Native class hierarchy populated in 0.0078 seconds. Added 2523 classes and 586 folders.
[2018.09.20-09.50.07:350][  0]LogContentBrowser: Native class hierarchy updated for 'WidgetCarousel' in 0.0002 seconds. Added 0 classes and 0 folders.
[2018.09.20-09.50.07:382][  0]LogContentBrowser: Native class hierarchy updated for 'AddContentDialog' in 0.0002 seconds. Added 0 classes and 0 folders.
[2018.09.20-09.50.07:385][  0]LogContentBrowser: Native class hierarchy updated for 'SceneOutliner' in 0.0002 seconds. Added 1 classes and 2 folders.
[2018.09.20-09.50.07:405][  0]LogDirectoryWatcher: Warning: Failed to begin reading directory changes for ../../../../../../Users/RenTak/Documents/Unreal Projects/Mypaper2DGame/Plugins/. Error: Määritettyä tiedostoa ei löydy. (0x00000002)
[2018.09.20-09.50.07:420][  0]LogSlate: Took 0.000156 seconds to synchronously load lazily loaded font '../../../Engine/Content/Slate/Fonts/Roboto-Regular.ttf' (155K)
[2018.09.20-09.50.07:421][  0]LogSlate: Took 0.000312 seconds to synchronously load lazily loaded font '../../../Engine/Content/Editor/Slate/Fonts/GenEiGothicPro-Regular.otf' (707K)
[2018.09.20-09.50.07:422][  0]LogSlate: Took 0.000251 seconds to synchronously load lazily loaded font '../../../Engine/Content/Editor/Slate/Fonts/GenEiGothicPro-Bold.otf' (698K)
[2018.09.20-09.50.07:422][  0]LogSlate: Took 0.000088 seconds to synchronously load lazily loaded font '../../../Engine/Content/Slate/Fonts/Roboto-Bold.ttf' (160K)
[2018.09.20-09.50.07:425][  0]LogSlate: Took 0.000157 seconds to synchronously load lazily loaded font '../../../Engine/Content/Editor/Slate/Fonts/FontAwesome.ttf' (139K)
[2018.09.20-09.50.07:489][  0]LogRenderer: Reallocating scene render targets to support 1208x576 Format 10 NumSamples 1 (Frame:1).
[2018.09.20-09.50.07:618][  0]LogContentBrowser: Native class hierarchy updated for 'HierarchicalLODOutliner' in 0.0002 seconds. Added 0 classes and 0 folders.
[2018.09.20-09.50.07:618][  0]LogLoad: (Engine Initialization) Total time: 6.84 seconds
[2018.09.20-09.50.07:618][  0]LogLoad: (Engine Initialization) Total Blueprint compile time: 0.00 seconds
[2018.09.20-09.50.07:654][  0]LogContentStreaming: Texture pool size now 1000 MB
[2018.09.20-09.50.07:669][  0]LogSlate: Took 0.000137 seconds to synchronously load lazily loaded font '../../../Engine/Content/Slate/Fonts/Roboto-Light.ttf' (167K)
[2018.09.20-09.50.07:685][  1]LogAssetRegistry: Asset discovery search completed in 3.5366 seconds
[2018.09.20-09.50.07:686][  1]LogCollectionManager: Rebuilt the object cache for 0 collections in 0.000001 seconds (found 0 objects)
[2018.09.20-09.50.07:686][  1]LogCollectionManager: Fixed up redirectors for 0 collections in 0.000036 seconds (updated 0 objects)
[2018.09.20-09.50.10:657][ 89]LogSlate: FSceneViewport::OnFocusLost() reason 0
[2018.09.20-09.50.12:892][170]Cmd: CLOSE_SLATE_MAINFRAME
[2018.09.20-09.50.12:945][170]LogSlate: Window 'Plugins' being destroyed
[2018.09.20-09.50.12:950][170]LogDirectoryWatcher: A directory notification for '../../../Engine/Plugins/' was aborted.
[2018.09.20-09.50.12:950][170]LogSlate: Window 'Mypaper2DGame - Unreal Editor' being destroyed
[2018.09.20-09.50.12:953][170]LogWindowsTextInputMethodSystem: Display: IME system now activated using TSF (Microsoft IME).
[2018.09.20-09.50.13:230][171]Cmd: QUIT_EDITOR
[2018.09.20-09.50.13:268][171]LogExit: Preparing to exit.
[2018.09.20-09.50.13:777][171]LogExit: Editor shut down
[2018.09.20-09.50.13:777][171]LogExit: Transaction tracking system shut down
[2018.09.20-09.50.13:969][171]LogExit: Object subsystem successfully closed.
[2018.09.20-09.50.14:070][171]LogShaderCompilers: Display: Shaders left to compile 0
[2018.09.20-09.50.14:072][171]LogD3D11RHI: Shutdown
[2018.09.20-09.50.14:072][171]LogD3D11RHI: CleanupD3DDevice
[2018.09.20-09.50.14:091][171]LogD3D11RHI: ~FD3D11DynamicRHI
[2018.09.20-09.50.14:106][171]LogModuleManager: Shutting down and abandoning module HierarchicalLODOutliner (602)
[2018.09.20-09.50.14:106][171]LogModuleManager: Shutting down and abandoning module SceneOutliner (600)
[2018.09.20-09.50.14:106][171]LogModuleManager: Shutting down and abandoning module AddContentDialog (598)
[2018.09.20-09.50.14:106][171]LogModuleManager: Shutting down and abandoning module WidgetCarousel (597)
[2018.09.20-09.50.14:106][171]LogModuleManager: Shutting down and abandoning module EditorWidgets (594)
[2018.09.20-09.50.14:106][171]LogModuleManager: Shutting down and abandoning module CollectionManager (592)
[2018.09.20-09.50.14:107][171]LogModuleManager: Shutting down and abandoning module HierarchicalLODUtilities (590)
[2018.09.20-09.50.14:107][171]LogModuleManager: Shutting down and abandoning module StatsViewer (588)
[2018.09.20-09.50.14:107][171]LogModuleManager: Shutting down and abandoning module FoliageEdit (586)
[2018.09.20-09.50.14:107][171]LogModuleManager: Shutting down and abandoning module LandscapeEditor (584)
[2018.09.20-09.50.14:107][171]LogModuleManager: Shutting down and abandoning module MeshPaintMode (582)
[2018.09.20-09.50.14:107][171]LogModuleManager: Shutting down and abandoning module MeshPaint (581)
[2018.09.20-09.50.14:107][171]LogModuleManager: Shutting down and abandoning module SceneDepthPickerMode (578)
[2018.09.20-09.50.14:107][171]LogModuleManager: Shutting down and abandoning module ActorPickerMode (576)
[2018.09.20-09.50.14:107][171]LogModuleManager: Shutting down and abandoning module GeometryMode (574)
[2018.09.20-09.50.14:107][171]LogModuleManager: Shutting down and abandoning module TextureAlignMode (572)
[2018.09.20-09.50.14:107][171]LogModuleManager: Shutting down and abandoning module BspMode (570)
[2018.09.20-09.50.14:107][171]LogModuleManager: Shutting down and abandoning module PIEPreviewDeviceProfileSelector (568)
[2018.09.20-09.50.14:107][171]LogModuleManager: Shutting down and abandoning module SequenceRecorderSections (566)
[2018.09.20-09.50.14:107][171]LogModuleManager: Shutting down and abandoning module AutomationWorker (564)
[2018.09.20-09.50.14:107][171]LogModuleManager: Shutting down and abandoning module AudioCaptureEditor (562)
[2018.09.20-09.50.14:107][171]LogModuleManager: Shutting down and abandoning module SequenceRecorder (561)
[2018.09.20-09.50.14:107][171]LogModuleManager: Shutting down and abandoning module MatineeToLevelSequence (558)
[2018.09.20-09.50.14:107][171]LogModuleManager: Shutting down and abandoning module LevelSequenceEditor (556)
[2018.09.20-09.50.14:107][171]LogModuleManager: Shutting down and abandoning module PlacementMode (555)
[2018.09.20-09.50.14:107][171]LogModuleManager: Shutting down and abandoning module MaterialEditor (554)
[2018.09.20-09.50.14:107][171]LogModuleManager: Shutting down and abandoning module WmfMediaFactory (550)
[2018.09.20-09.50.14:107][171]LogModuleManager: Shutting down and abandoning module WmfMediaEditor (548)
[2018.09.20-09.50.14:107][171]LogModuleManager: Shutting down and abandoning module MediaPlayerEditor (546)
[2018.09.20-09.50.14:107][171]LogModuleManager: Shutting down and abandoning module OpenExrWrapper (544)
[2018.09.20-09.50.14:107][171]LogModuleManager: Shutting down and abandoning module ImgMediaFactory (542)
[2018.09.20-09.50.14:107][171]LogModuleManager: Shutting down and abandoning module ImgMediaEditor (540)
[2018.09.20-09.50.14:107][171]LogModuleManager: Shutting down and abandoning module AvfMediaFactory (538)
[2018.09.20-09.50.14:107][171]LogModuleManager: Shutting down and abandoning module AvfMediaEditor (536)
[2018.09.20-09.50.14:107][171]LogModuleManager: Shutting down and abandoning module AndroidMediaFactory (534)
[2018.09.20-09.50.14:107][171]LogModuleManager: Shutting down and abandoning module AndroidMediaEditor (532)
[2018.09.20-09.50.14:107][171]LogModuleManager: Shutting down and abandoning module MagicLeapCameraPreviewFactory (530)
[2018.09.20-09.50.14:107][171]LogModuleManager: Shutting down and abandoning module MagicLeapMediaFactory (528)
[2018.09.20-09.50.14:107][171]LogModuleManager: Shutting down and abandoning module MagicLeapMediaEditor (526)
[2018.09.20-09.50.14:107][171]LogModuleManager: Shutting down and abandoning module CharacterAI (524)
[2018.09.20-09.50.14:107][171]LogModuleManager: Shutting down and abandoning module SessionServices (522)
[2018.09.20-09.50.14:107][171]LogModuleManager: Shutting down and abandoning module ViewportSnapping (520)
[2018.09.20-09.50.14:107][171]LogModuleManager: Shutting down and abandoning module ViewportInteraction (518)
[2018.09.20-09.50.14:107][171]LogModuleManager: Shutting down and abandoning module ClothPainter (516)
[2018.09.20-09.50.14:107][171]LogModuleManager: Shutting down and abandoning module SkeletalMeshEditor (515)
[2018.09.20-09.50.14:107][171]LogModuleManager: Shutting down and abandoning module LogVisualizer (512)
[2018.09.20-09.50.14:107][171]LogModuleManager: Shutting down and abandoning module IntroTutorials (510)
[2018.09.20-09.50.14:107][171]LogModuleManager: Shutting down and abandoning module GameProjectGeneration (509)
[2018.09.20-09.50.14:107][171]LogModuleManager: Shutting down and abandoning module LuminPlatformEditor (506)
[2018.09.20-09.50.14:108][171]LogModuleManager: Shutting down and abandoning module IOSPlatformEditor (504)
[2018.09.20-09.50.14:108][171]LogModuleManager: Shutting down and abandoning module HTML5PlatformEditor (502)
[2018.09.20-09.50.14:108][171]LogModuleManager: Shutting down and abandoning module AndroidPlatformEditor (500)
[2018.09.20-09.50.14:108][171]LogModuleManager: Shutting down and abandoning module AndroidDeviceDetection (499)
[2018.09.20-09.50.14:622][171]LogModuleManager: Shutting down and abandoning module WindowsPlatformEditor (496)
[2018.09.20-09.50.14:622][171]LogModuleManager: Shutting down and abandoning module LuminRuntimeSettings (494)
[2018.09.20-09.50.14:622][171]LogModuleManager: Shutting down and abandoning module IOSRuntimeSettings (492)
[2018.09.20-09.50.14:622][171]LogModuleManager: Shutting down and abandoning module AndroidRuntimeSettings (490)
[2018.09.20-09.50.14:622][171]LogModuleManager: Shutting down and abandoning module InputBindingEditor (488)
[2018.09.20-09.50.14:622][171]LogModuleManager: Shutting down and abandoning module MergeActors (486)
[2018.09.20-09.50.14:622][171]LogModuleManager: Shutting down and abandoning module LocalizationDashboard (484)
[2018.09.20-09.50.14:622][171]LogModuleManager: Shutting down and abandoning module LocalizationService (483)
[2018.09.20-09.50.14:622][171]LogModuleManager: Shutting down and abandoning module HardwareTargeting (480)
[2018.09.20-09.50.14:622][171]LogModuleManager: Shutting down and abandoning module DeviceProfileEditor (478)
[2018.09.20-09.50.14:622][171]LogModuleManager: Shutting down and abandoning module UndoHistory (476)
[2018.09.20-09.50.14:622][171]LogModuleManager: Shutting down and abandoning module XmlParser (474)
[2018.09.20-09.50.14:622][171]LogModuleManager: Shutting down and abandoning module Blutility (472)
[2018.09.20-09.50.14:622][171]LogModuleManager: Shutting down and abandoning module ProjectSettingsViewer (470)
[2018.09.20-09.50.14:622][171]LogModuleManager: Shutting down and abandoning module ProjectTargetPlatformEditor (469)
[2018.09.20-09.50.14:622][171]LogModuleManager: Shutting down and abandoning module EditorSettingsViewer (466)
[2018.09.20-09.50.14:622][171]LogModuleManager: Shutting down and abandoning module SettingsEditor (464)
[2018.09.20-09.50.14:622][171]LogModuleManager: Shutting down and abandoning module ProjectLauncher (462)
[2018.09.20-09.50.14:623][171]LogModuleManager: Shutting down and abandoning module SessionFrontend (460)
[2018.09.20-09.50.14:623][171]LogModuleManager: Shutting down and abandoning module ProfilerClient (458)
[2018.09.20-09.50.14:623][171]LogModuleManager: Shutting down and abandoning module DeviceManager (456)
[2018.09.20-09.50.14:623][171]LogModuleManager: Shutting down and abandoning module TargetDeviceServices (455)
[2018.09.20-09.50.14:678][171]LogModuleManager: Shutting down and abandoning module AutomationController (452)
[2018.09.20-09.50.14:678][171]LogModuleManager: Shutting down and abandoning module AutomationWindow (450)
[2018.09.20-09.50.14:678][171]LogModuleManager: Shutting down and abandoning module Layers (448)
[2018.09.20-09.50.14:678][171]LogModuleManager: Shutting down and abandoning module ComponentVisualizers (446)
[2018.09.20-09.50.14:678][171]LogModuleManager: Shutting down and abandoning module DetailCustomizations (444)
[2018.09.20-09.50.14:678][171]LogModuleManager: Shutting down and abandoning module PackagesDialog (442)
[2018.09.20-09.50.14:678][171]LogModuleManager: Shutting down and abandoning module Persona (440)
[2018.09.20-09.50.14:678][171]LogModuleManager: Shutting down and abandoning module AdvancedPreviewScene (439)
[2018.09.20-09.50.14:678][171]LogModuleManager: Shutting down and abandoning module AnimGraph (437)
[2018.09.20-09.50.14:678][171]LogModuleManager: Shutting down and abandoning module Kismet (434)
[2018.09.20-09.50.14:678][171]LogModuleManager: Shutting down and abandoning module GraphEditor (432)
[2018.09.20-09.50.14:678][171]LogModuleManager: Shutting down and abandoning module ClassViewer (430)
[2018.09.20-09.50.14:678][171]LogModuleManager: Shutting down and abandoning module Toolbox (428)
[2018.09.20-09.50.14:678][171]LogModuleManager: Shutting down and abandoning module ModuleUI (426)
[2018.09.20-09.50.14:678][171]LogModuleManager: Shutting down and abandoning module MovieSceneTools (424)
[2018.09.20-09.50.14:678][171]LogModuleManager: Shutting down and abandoning module OutputLog (422)
[2018.09.20-09.50.14:678][171]LogModuleManager: Shutting down and abandoning module GammaUI (420)
[2018.09.20-09.50.14:678][171]LogModuleManager: Shutting down and abandoning module Documentation (418)
[2018.09.20-09.50.14:678][171]LogModuleManager: Shutting down and abandoning module MovieSceneTracks (416)
[2018.09.20-09.50.14:678][171]LogModuleManager: Shutting down and abandoning module MovieScene (414)
[2018.09.20-09.50.14:679][171]LogModuleManager: Shutting down and abandoning module StreamingPauseRendering (412)
[2018.09.20-09.50.14:679][171]LogModuleManager: Shutting down and abandoning module LauncherPlatform (410)
[2018.09.20-09.50.14:679][171]LogModuleManager: Shutting down and abandoning module AnalyticsET (408)
[2018.09.20-09.50.14:679][171]LogModuleManager: Shutting down and abandoning module PortalServices (406)
[2018.09.20-09.50.14:679][171]LogModuleManager: Shutting down and abandoning module PortalRpc (404)
[2018.09.20-09.50.14:679][171]LogModuleManager: Shutting down and abandoning module MessagingRpc (402)
[2018.09.20-09.50.14:679][171]LogModuleManager: Shutting down and abandoning module AIModule (400)
[2018.09.20-09.50.14:679][171]LogModuleManager: Shutting down and abandoning module GameplayDebugger (399)
[2018.09.20-09.50.14:679][171]LogModuleManager: Shutting down and abandoning module AITestSuite (397)
[2018.09.20-09.50.14:679][171]LogModuleManager: Shutting down and abandoning module NavigationSystem (395)
[2018.09.20-09.50.14:679][171]LogModuleManager: Shutting down and abandoning module DesktopPlatform (392)
[2018.09.20-09.50.14:679][171]LogModuleManager: Shutting down and abandoning module ProfilerService (390)
[2018.09.20-09.50.14:850][171]LogModuleManager: Shutting down and abandoning module TaskGraph (388)
[2018.09.20-09.50.14:850][171]LogModuleManager: Shutting down and abandoning module SteamVRController (386)
[2018.09.20-09.50.14:850][171]LogModuleManager: Shutting down and abandoning module ProceduralMeshComponentEditor (384)
[2018.09.20-09.50.14:850][171]LogModuleManager: Shutting down and abandoning module ProceduralMeshComponent (382)
[2018.09.20-09.50.14:850][171]LogModuleManager: Shutting down and abandoning module OculusInput (380)
[2018.09.20-09.50.14:850][171]LogModuleManager: Shutting down and abandoning module MobilePatchingUtils (378)
[2018.09.20-09.50.14:850][171]LogModuleManager: Shutting down and abandoning module EditableMesh (376)
[2018.09.20-09.50.14:850][171]LogModuleManager: Shutting down and abandoning module CustomMeshComponent (374)
[2018.09.20-09.50.14:850][171]LogModuleManager: Shutting down and abandoning module CableComponent (372)
[2018.09.20-09.50.14:850][171]LogModuleManager: Shutting down and abandoning module AudioCapture (370)
[2018.09.20-09.50.14:850][171]LogModuleManager: Shutting down and abandoning module ArchVisCharacter (368)
[2018.09.20-09.50.14:850][171]LogModuleManager: Shutting down and abandoning module AndroidPermission (366)
[2018.09.20-09.50.14:850][171]LogModuleManager: Shutting down and abandoning module NUTUnrealEngine4 (364)
[2018.09.20-09.50.14:850][171]LogModuleManager: Shutting down and abandoning module NetcodeUnitTest (362)
[2018.09.20-09.50.14:850][171]LogModuleManager: Shutting down and abandoning module MediaCompositingEditor (360)
[2018.09.20-09.50.14:850][171]LogModuleManager: Shutting down and abandoning module MediaCompositing (358)
[2018.09.20-09.50.14:850][171]LogModuleManager: Shutting down and abandoning module LinearTimecode (356)
[2018.09.20-09.50.14:850][171]LogModuleManager: Shutting down and abandoning module ImgMedia (354)
[2018.09.20-09.50.14:853][171]LogModuleManager: Shutting down and abandoning module HTML5Networking (352)
[2018.09.20-09.50.14:853][171]LogModuleManager: Shutting down and abandoning module GeometryCacheTracks (350)
[2018.09.20-09.50.14:853][171]LogModuleManager: Shutting down and abandoning module GeometryCacheSequencer (348)
[2018.09.20-09.50.14:853][171]LogModuleManager: Shutting down and abandoning module BackChannel (346)
[2018.09.20-09.50.14:853][171]LogModuleManager: Shutting down and abandoning module AppleVision (344)
[2018.09.20-09.50.14:853][171]LogModuleManager: Shutting down and abandoning module AppleImageUtils (342)
[2018.09.20-09.50.14:853][171]LogModuleManager: Shutting down and abandoning module AlembicImporter (340)
[2018.09.20-09.50.14:853][171]LogModuleManager: Shutting down and abandoning module AlembicLibrary (339)
[2018.09.20-09.50.14:853][171]LogModuleManager: Shutting down and abandoning module GeometryCache (338)
[2018.09.20-09.50.14:853][171]LogModuleManager: Shutting down and abandoning module GeometryCacheEd (337)
[2018.09.20-09.50.14:853][171]LogModuleManager: Shutting down and abandoning module DatasmithContentEditor (332)
[2018.09.20-09.50.14:853][171]LogModuleManager: Shutting down and abandoning module DatasmithContent (330)
[2018.09.20-09.50.14:854][171]LogModuleManager: Shutting down and abandoning module SpeedTreeImporter (328)
[2018.09.20-09.50.14:854][171]LogModuleManager: Shutting down and abandoning module PluginBrowser (326)
[2018.09.20-09.50.14:854][171]LogModuleManager: Shutting down and abandoning module MobileLauncherProfileWizard (324)
[2018.09.20-09.50.14:854][171]LogModuleManager: Shutting down and abandoning module PolygonModeling (322)
[2018.09.20-09.50.14:854][171]LogModuleManager: Shutting down and abandoning module MeshEditor (320)
[2018.09.20-09.50.14:854][171]LogModuleManager: Shutting down and abandoning module CryptoKeysOpenSSL (318)
[2018.09.20-09.50.14:854][171]LogModuleManager: Shutting down and abandoning module CryptoKeys (316)
[2018.09.20-09.50.14:854][171]LogModuleManager: Shutting down and abandoning module VisualStudioSourceCodeAccess (314)
[2018.09.20-09.50.14:854][171]LogModuleManager: Shutting down and abandoning module VisualStudioCodeSourceCodeAccess (312)
[2018.09.20-09.50.14:854][171]LogModuleManager: Shutting down and abandoning module UObjectPlugin (310)
[2018.09.20-09.50.14:854][171]LogModuleManager: Shutting down and abandoning module SubversionSourceControl (308)
[2018.09.20-09.50.14:854][171]LogModuleManager: Shutting down and abandoning module PerforceSourceControl (306)
[2018.09.20-09.50.14:854][171]LogModuleManager: Shutting down and abandoning module GitSourceControl (304)
[2018.09.20-09.50.14:854][171]LogModuleManager: Shutting down and abandoning module SourceControl (303)
[2018.09.20-09.50.14:854][171]LogModuleManager: Shutting down and abandoning module CLionSourceCodeAccess (300)
[2018.09.20-09.50.14:854][171]LogModuleManager: Shutting down and abandoning module LightPropagationVolumeEditor (298)
[2018.09.20-09.50.14:854][171]LogModuleManager: Shutting down and abandoning module RuntimePhysXCooking (296)
[2018.09.20-09.50.14:854][171]LogModuleManager: Shutting down and abandoning module PhysXVehiclesEditor (294)
[2018.09.20-09.50.14:854][171]LogModuleManager: Shutting down and abandoning module PhysXVehicles (292)
[2018.09.20-09.50.14:854][171]LogModuleManager: Shutting down and abandoning module OculusEditor (290)
[2018.09.20-09.50.14:854][171]LogModuleManager: Shutting down and abandoning module LocationServicesBPLibrary (288)
[2018.09.20-09.50.14:854][171]LogModuleManager: Shutting down and abandoning module ImmediatePhysicsEditor (286)
[2018.09.20-09.50.14:854][171]LogModuleManager: Shutting down and abandoning module ImmediatePhysics (284)
[2018.09.20-09.50.14:854][171]LogModuleManager: Shutting down and abandoning module ActorSequence (282)
[2018.09.20-09.50.14:854][171]LogModuleManager: Shutting down and abandoning module UdpMessaging (280)
[2018.09.20-09.50.14:955][171]LogModuleManager: Shutting down and abandoning module TcpMessaging (278)
[2018.09.20-09.50.15:055][171]LogModuleManager: Shutting down and abandoning module MagicLeapAudio (276)
[2018.09.20-09.50.15:055][171]LogModuleManager: Shutting down and abandoning module GameplayTagsEditor (274)
[2018.09.20-09.50.15:055][171]LogModuleManager: Shutting down and abandoning module FacialAnimationEditor (272)
[2018.09.20-09.50.15:055][171]LogModuleManager: Shutting down and abandoning module FacialAnimation (270)
[2018.09.20-09.50.15:055][171]LogModuleManager: Shutting down and abandoning module DataValidation (268)
[2018.09.20-09.50.15:055][171]LogModuleManager: Shutting down and abandoning module AssetManagerEditor (266)
[2018.09.20-09.50.15:055][171]LogModuleManager: Shutting down and abandoning module LevelEditor (265)
[2018.09.20-09.50.15:056][171]LogModuleManager: Shutting down and abandoning module PixelInspectorModule (264)
[2018.09.20-09.50.15:056][171]LogModuleManager: Shutting down and abandoning module CommonMenuExtensions (262)
[2018.09.20-09.50.15:056][171]LogModuleManager: Shutting down and abandoning module MainFrame (260)
[2018.09.20-09.50.15:056][171]LogModuleManager: Shutting down and abandoning module HotReload (259)
[2018.09.20-09.50.15:057][171]LogModuleManager: Shutting down and abandoning module ContentBrowser (255)
[2018.09.20-09.50.15:057][171]LogModuleManager: Shutting down and abandoning module TreeMap (253)
[2018.09.20-09.50.15:057][171]LogModuleManager: Shutting down and abandoning module LightPropagationVolumeRuntime (250)
[2018.09.20-09.50.15:058][171]LogModuleManager: Shutting down and abandoning module AISupportModule (248)
[2018.09.20-09.50.15:058][171]LogModuleManager: Shutting down and abandoning module WindowsMoviePlayer (246)
[2018.09.20-09.50.15:058][171]LogModuleManager: Shutting down and abandoning module WmfMedia (244)
[2018.09.20-09.50.15:058][171]LogModuleManager: Shutting down and abandoning module Media (243)
[2018.09.20-09.50.15:064][171]LogModuleManager: Shutting down and abandoning module PacketHandler (240)
[2018.09.20-09.50.15:064][171]LogModuleManager: Shutting down and abandoning module ClothingSystemEditor (238)
[2018.09.20-09.50.15:064][171]LogModuleManager: Shutting down and abandoning module ClothingSystemRuntime (236)
[2018.09.20-09.50.15:064][171]LogModuleManager: Shutting down and abandoning module MediaAssets (234)
[2018.09.20-09.50.15:064][171]LogModuleManager: Shutting down and abandoning module Overlay (232)
[2018.09.20-09.50.15:064][171]LogModuleManager: Shutting down and abandoning module OverlayEditor (231)
[2018.09.20-09.50.15:064][171]LogModuleManager: Shutting down and abandoning module VREditor (228)
[2018.09.20-09.50.15:064][171]LogModuleManager: Shutting down and abandoning module StringTableEditor (226)
[2018.09.20-09.50.15:064][171]LogModuleManager: Shutting down and abandoning module GameplayTasksEditor (224)
[2018.09.20-09.50.15:064][171]LogModuleManager: Shutting down and abandoning module BehaviorTreeEditor (222)
[2018.09.20-09.50.15:064][171]LogModuleManager: Shutting down and abandoning module FunctionalTesting (220)
[2018.09.20-09.50.15:064][171]LogModuleManager: Shutting down and abandoning module CollisionAnalyzer (218)
[2018.09.20-09.50.15:064][171]LogModuleManager: Shutting down and abandoning module WorkspaceMenuStructure (217)
[2018.09.20-09.50.15:064][171]LogModuleManager: Shutting down and abandoning module UMG (214)
[2018.09.20-09.50.15:064][171]LogModuleManager: Shutting down and abandoning module UMGEditor (213)
[2018.09.20-09.50.15:064][171]LogModuleManager: Shutting down and abandoning module Sequencer (212)
[2018.09.20-09.50.15:064][171]LogModuleManager: Shutting down and abandoning module MessageLog (209)
[2018.09.20-09.50.15:064][171]LogModuleManager: Shutting down and abandoning module SlateReflector (204)
[2018.09.20-09.50.15:065][171]LogModuleManager: Shutting down and abandoning module Slate (202)
[2018.09.20-09.50.15:065][171]LogModuleManager: Shutting down and abandoning module EditorStyle (200)
[2018.09.20-09.50.15:066][171]LogModuleManager: Shutting down and abandoning module MRMesh (198)
[2018.09.20-09.50.15:066][171]LogModuleManager: Shutting down and abandoning module SourceCodeAccess (196)
[2018.09.20-09.50.15:066][171]LogModuleManager: Shutting down and abandoning module HeadMountedDisplay (194)
[2018.09.20-09.50.15:066][171]LogModuleManager: Shutting down and abandoning module XAudio2 (192)
[2018.09.20-09.50.15:066][171]LogModuleManager: Shutting down and abandoning module Networking (190)
[2018.09.20-09.50.15:066][171]LogModuleManager: Shutting down and abandoning module Core (188)
[2018.09.20-09.50.15:066][171]LogModuleManager: Shutting down and abandoning module LevelSequence (186)
[2018.09.20-09.50.15:066][171]LogModuleManager: Shutting down and abandoning module KismetCompiler (184)
[2018.09.20-09.50.15:066][171]LogModuleManager: Shutting down and abandoning module MeshUtilities (182)
[2018.09.20-09.50.15:066][171]LogModuleManager: Shutting down and abandoning module MeshMergeUtilities (181)
[2018.09.20-09.50.15:066][171]LogModuleManager: Shutting down and abandoning module MeshReductionInterface (180)
[2018.09.20-09.50.15:066][171]LogModuleManager: Shutting down and abandoning module SimplygonSwarm (179)
[2018.09.20-09.50.15:066][171]LogModuleManager: Shutting down and abandoning module ProxyLODMeshReduction (177)
[2018.09.20-09.50.15:066][171]LogModuleManager: Shutting down and abandoning module SimplygonMeshReduction (175)
[2018.09.20-09.50.15:066][171]LogModuleManager: Shutting down and abandoning module QuadricMeshReduction (173)
[2018.09.20-09.50.15:066][171]LogModuleManager: Shutting down and abandoning module MaterialBaking (169)
[2018.09.20-09.50.15:066][171]LogModuleManager: Shutting down and abandoning module DirectoryWatcher (165)
[2018.09.20-09.50.15:066][171]LogModuleManager: Shutting down and abandoning module DerivedDataCache (162)
[2018.09.20-09.50.15:082][171]LogDerivedDataCache: Shutdown
[2018.09.20-09.50.15:082][171]LogModuleManager: Shutting down and abandoning module XGEController (160)
[2018.09.20-09.50.15:082][171]LogModuleManager: Shutting down and abandoning module TargetPlatform (158)
[2018.09.20-09.50.15:082][171]LogModuleManager: Shutting down and abandoning module VulkanShaderFormat (157)
[2018.09.20-09.50.15:082][171]LogModuleManager: Shutting down and abandoning module ShaderFormatVectorVM (155)
[2018.09.20-09.50.15:082][171]LogModuleManager: Shutting down and abandoning module ShaderFormatOpenGL (153)
[2018.09.20-09.50.15:082][171]LogModuleManager: Shutting down and abandoning module ShaderFormatD3D (151)
[2018.09.20-09.50.15:082][171]LogModuleManager: Shutting down and abandoning module MetalShaderFormat (149)
[2018.09.20-09.50.15:082][171]LogModuleManager: Shutting down and abandoning module TextureFormatUncompressed (147)
[2018.09.20-09.50.15:082][171]LogModuleManager: Shutting down and abandoning module TextureFormatPVR (145)
[2018.09.20-09.50.15:082][171]LogModuleManager: Shutting down and abandoning module TextureFormatDXT (143)
[2018.09.20-09.50.15:082][171]LogModuleManager: Shutting down and abandoning module TextureFormatIntelISPCTexComp (141)
[2018.09.20-09.50.15:083][171]LogModuleManager: Shutting down and abandoning module TextureFormatASTC (139)
[2018.09.20-09.50.15:083][171]LogModuleManager: Shutting down and abandoning module ImageWrapper (138)
[2018.09.20-09.50.15:083][171]LogModuleManager: Shutting down and abandoning module TextureFormatAndroid (135)
[2018.09.20-09.50.15:083][171]LogModuleManager: Shutting down and abandoning module AudioFormatOpus (133)
[2018.09.20-09.50.15:083][171]LogModuleManager: Shutting down and abandoning module AudioFormatOgg (131)
[2018.09.20-09.50.15:083][171]LogModuleManager: Shutting down and abandoning module AudioFormatADPCM (129)
[2018.09.20-09.50.15:083][171]LogModuleManager: Shutting down and abandoning module LuminTargetPlatform (127)
[2018.09.20-09.50.15:083][171]LogModuleManager: Shutting down and abandoning module LinuxTargetPlatform (125)
[2018.09.20-09.50.15:083][171]LogModuleManager: Shutting down and abandoning module LinuxServerTargetPlatform (123)
[2018.09.20-09.50.15:083][171]LogModuleManager: Shutting down and abandoning module LinuxNoEditorTargetPlatform (121)
[2018.09.20-09.50.15:083][171]LogModuleManager: Shutting down and abandoning module LinuxClientTargetPlatform (119)
[2018.09.20-09.50.15:083][171]LogModuleManager: Shutting down and abandoning module TVOSTargetPlatform (117)
[2018.09.20-09.50.15:083][171]LogModuleManager: Shutting down and abandoning module Messaging (115)
[2018.09.20-09.50.15:083][171]LogModuleManager: Shutting down and abandoning module IOSTargetPlatform (113)
[2018.09.20-09.50.15:084][171]LogModuleManager: Shutting down and abandoning module HTML5TargetPlatform (111)
[2018.09.20-09.50.15:084][171]LogModuleManager: Shutting down and abandoning module AndroidTargetPlatform (109)
[2018.09.20-09.50.15:087][171]LogModuleManager: Shutting down and abandoning module WindowsTargetPlatform (107)
[2018.09.20-09.50.15:087][171]LogModuleManager: Shutting down and abandoning module WindowsServerTargetPlatform (105)
[2018.09.20-09.50.15:087][171]LogModuleManager: Shutting down and abandoning module WindowsNoEditorTargetPlatform (103)
[2018.09.20-09.50.15:087][171]LogModuleManager: Shutting down and abandoning module WindowsClientTargetPlatform (101)
[2018.09.20-09.50.15:087][171]LogModuleManager: Shutting down and abandoning module MacTargetPlatform (99)
[2018.09.20-09.50.15:087][171]LogModuleManager: Shutting down and abandoning module MacServerTargetPlatform (97)
[2018.09.20-09.50.15:088][171]LogModuleManager: Shutting down and abandoning module MacNoEditorTargetPlatform (95)
[2018.09.20-09.50.15:088][171]LogModuleManager: Shutting down and abandoning module MacClientTargetPlatform (93)
[2018.09.20-09.50.15:088][171]LogModuleManager: Shutting down and abandoning module AllDesktopTargetPlatform (91)
[2018.09.20-09.50.15:088][171]LogModuleManager: Shutting down and abandoning module InputCore (88)
[2018.09.20-09.50.15:088][171]LogModuleManager: Shutting down and abandoning module Settings (86)
[2018.09.20-09.50.15:088][171]LogModuleManager: Shutting down and abandoning module PhysXCooking (84)
[2018.09.20-09.50.15:088][171]LogModuleManager: Shutting down and abandoning module SteamVR (82)
[2018.09.20-09.50.15:088][171]LogModuleManager: Shutting down and abandoning module OculusHMD (80)
[2018.09.20-09.50.15:088][171]LogModuleManager: Shutting down and abandoning module ExampleDeviceProfileSelector (78)
[2018.09.20-09.50.15:088][171]LogModuleManager: Shutting down and abandoning module LauncherChunkInstaller (76)
[2018.09.20-09.50.15:088][171]LogModuleManager: Shutting down and abandoning module OnlineBlueprintSupport (74)
[2018.09.20-09.50.15:088][171]LogModuleManager: Shutting down and abandoning module OnlineSubsystem (70)
[2018.09.20-09.50.15:088][171]LogModuleManager: Shutting down and abandoning module XMPP (65)
[2018.09.20-09.50.15:088][171]LogModuleManager: Shutting down and abandoning module WebSockets (64)
[2018.09.20-09.50.15:115][171]LogModuleManager: Shutting down and abandoning module HTTP (61)
[2018.09.20-09.50.15:115][171]LogHttp: Display: Http module shutting down, but needs to wait on 1 outstanding Http requests:
[2018.09.20-09.50.15:115][171]LogHttp: Display: 	verb=[POST] url=[https://datarouter.ol.epicgames.com/datarouter/api/v1/public/data?SessionID=%7B7389E0AB-44E0-AEC5-39AD-72904BFB8DA0%7D&AppID=UEEditor.Rocket.Release&AppVersion=4.20.2-4302132%2B%2B%2BUE4%2BRelease-4.20&UserID=81c9af744464cba932bfdcbe7c3a93fc%7C84c3c2056e974c6a8717cd9a98f97865%7C0eb5f8b0-7b45-45ab-8075-511732f82d3c&AppEnvironment=datacollector-binary&UploadType=eteventstream] status=Processing
[2018.09.20-09.50.15:143][171]LogModuleManager: Shutting down and abandoning module SSL (60)
[2018.09.20-09.50.15:143][171]LogModuleManager: Shutting down and abandoning module MagicLeapEmulator (56)
[2018.09.20-09.50.15:143][171]LogModuleManager: Shutting down and abandoning module MagicLeapPrivileges (54)
[2018.09.20-09.50.15:143][171]LogModuleManager: Shutting down and abandoning module MagicLeapIdentity (52)
[2018.09.20-09.50.15:143][171]LogModuleManager: Shutting down and abandoning module MagicLeapHelperVulkan (50)
[2018.09.20-09.50.15:144][171]LogModuleManager: Shutting down and abandoning module MagicLeapHelperOpenGL (48)
[2018.09.20-09.50.15:144][171]LogModuleManager: Shutting down and abandoning module MagicLeapSecureStorage (46)
[2018.09.20-09.50.15:144][171]LogModuleManager: Shutting down and abandoning module MagicLeapGestures (44)
[2018.09.20-09.50.15:144][171]LogModuleManager: Shutting down and abandoning module MagicLeapEyeTracker (42)
[2018.09.20-09.50.15:144][171]LogModuleManager: Shutting down and abandoning module MagicLeapController (40)
[2018.09.20-09.50.15:144][171]LogSlate: Slate User Destroyed.  User Index 0, Is Virtual User: 0
[2018.09.20-09.50.15:144][171]LogModuleManager: Shutting down and abandoning module MagicLeap (38)
[2018.09.20-09.50.15:144][171]LogModuleManager: Shutting down and abandoning module AnimationModifiers (36)
[2018.09.20-09.50.15:144][171]LogModuleManager: Shutting down and abandoning module PropertyEditor (35)
[2018.09.20-09.50.15:144][171]LogModuleManager: Shutting down and abandoning module AudioEditor (32)
[2018.09.20-09.50.15:144][171]LogModuleManager: Shutting down and abandoning module TextureCompressor (30)
[2018.09.20-09.50.15:144][171]LogModuleManager: Shutting down and abandoning module ShaderCore (28)
[2018.09.20-09.50.15:144][171]LogModuleManager: Shutting down and abandoning module Landscape (26)
[2018.09.20-09.50.15:144][171]LogModuleManager: Shutting down and abandoning module SlateRHIRenderer (24)
[2018.09.20-09.50.15:144][171]LogModuleManager: Shutting down and abandoning module OpenGLDrv (22)
[2018.09.20-09.50.15:144][171]LogModuleManager: Shutting down and abandoning module D3D11RHI (20)
[2018.09.20-09.50.15:144][171]LogModuleManager: Shutting down and abandoning module AnimGraphRuntime (18)
[2018.09.20-09.50.15:144][171]LogModuleManager: Shutting down and abandoning module Renderer (16)
[2018.09.20-09.50.15:144][171]LogModuleManager: Shutting down and abandoning module Engine (14)
[2018.09.20-09.50.15:144][171]LogModuleManager: Shutting down and abandoning module CoreUObject (12)
[2018.09.20-09.50.15:144][171]LogModuleManager: Shutting down and abandoning module NetworkFile (10)
[2018.09.20-09.50.15:144][171]LogModuleManager: Shutting down and abandoning module CookedIterativeFile (8)
[2018.09.20-09.50.15:144][171]LogModuleManager: Shutting down and abandoning module StreamingFile (6)
[2018.09.20-09.50.15:144][171]LogModuleManager: Shutting down and abandoning module SandboxFile (4)
[2018.09.20-09.50.15:144][171]LogModuleManager: Shutting down and abandoning module PakFile (2)
[2018.09.20-09.50.15:150][171]LogExit: Exiting.
[2018.09.20-09.50.15:157][171]Log file closed, 09/20/18 12:50:15
